#
# There is insufficient memory for the Java Runtime Environment to continue.
# Native memory allocation (malloc) failed to allocate 1234128 bytes for Chunk::new
# Possible reasons:
#   The system is out of physical RAM or swap space
#   The process is running with CompressedOops enabled, and the Java Heap may be blocking the growth of the native heap
# Possible solutions:
#   Reduce memory load on the system
#   Increase physical memory or swap space
#   Check if swap backing store is full
#   Decrease Java heap size (-Xmx/-Xms)
#   Decrease number of Java threads
#   Decrease Java thread stack sizes (-Xss)
#   Set larger code cache with -XX:ReservedCodeCacheSize=
#   JVM is running with Unscaled Compressed Oops mode in which the Java heap is
#     placed in the first 4GB address space. The Java Heap base address is the
#     maximum limit for the native heap growth. Please use -XX:HeapBaseMinAddress
#     to set the Java Heap base and to place the Java Heap above 4GB virtual address.
# This output file may be truncated or incomplete.
#
#  Out of Memory Error (arena.cpp:189), pid=16888, tid=13252
#
# JRE version: Java(TM) SE Runtime Environment (17.0.5+9) (build 17.0.5+9-LTS-191)
# Java VM: Java HotSpot(TM) 64-Bit Server VM (17.0.5+9-LTS-191, mixed mode, sharing, tiered, compressed oops, compressed class ptrs, g1 gc, windows-amd64)
# No core dump will be written. Minidumps are not enabled by default on client versions of Windows
#

---------------  S U M M A R Y ------------

Command Line: -ea -Dfile.encoding=UTF-8 -XX:+ShowCodeDetailsInExceptionMessages org.testng.remote.RemoteTestNG -serport 52769 -protocol json -d D:\GIT\test-output D:\GIT\testng.xml

Host: Intel(R) Core(TM) i3-6006U CPU @ 2.00GHz, 4 cores, 3G,  Windows 10 , 64 bit Build 19041 (10.0.19041.2788)
Time: Thu Apr 27 01:19:36 2023 India Standard Time elapsed time: 139.134125 seconds (0d 0h 2m 19s)

---------------  T H R E A D  ---------------

Current thread (0x00000156ba9416e0):  JavaThread "C2 CompilerThread0" daemon [_thread_in_native, id=13252, stack(0x0000000ae5c00000,0x0000000ae5d00000)]


Current CompileTask:
C2: 139134 6388       4       org.apache.xmlbeans.impl.store.Cur$CurLoadContext::attr (190 bytes)

Stack: [0x0000000ae5c00000,0x0000000ae5d00000]
Native frames: (J=compiled Java code, j=interpreted, Vv=VM code, C=native code)
V  [jvm.dll+0x672eea]
V  [jvm.dll+0x7d2a04]
V  [jvm.dll+0x7d41ae]
V  [jvm.dll+0x7d4813]
V  [jvm.dll+0x242c15]
V  [jvm.dll+0xaa57b]
V  [jvm.dll+0xaab0c]
V  [jvm.dll+0x35ff97]
V  [jvm.dll+0x32a631]
V  [jvm.dll+0x329ada]
V  [jvm.dll+0x215cc1]
V  [jvm.dll+0x2150e1]
V  [jvm.dll+0x1a18ed]
V  [jvm.dll+0x22493a]
V  [jvm.dll+0x222aa5]
V  [jvm.dll+0x7885db]
V  [jvm.dll+0x782b4a]
V  [jvm.dll+0x671d75]
C  [ucrtbase.dll+0x21bb2]
C  [KERNEL32.DLL+0x17604]
C  [ntdll.dll+0x526a1]


---------------  P R O C E S S  ---------------

Threads class SMR info:
_java_thread_list=0x00000156bdfbc060, length=71, elements={
0x000001569d7df0b0, 0x000001569d89c820, 0x000001569d89e330, 0x000001569d8ac9c0,
0x000001569d8ae580, 0x00000156ba93ffa0, 0x00000156ba940950, 0x00000156ba9416e0,
0x00000156ba9adfd0, 0x00000156ba9b2d90, 0x00000156bb452500, 0x00000156bb46e420,
0x00000156bbd68a90, 0x00000156bc41dd60, 0x00000156bc609430, 0x00000156bbe648e0,
0x00000156bd255720, 0x00000156bc82aa90, 0x00000156be5f26a0, 0x00000156be5f0e90,
0x00000156be5f2b70, 0x00000156be5f0020, 0x00000156be5f1830, 0x00000156be5f21d0,
0x00000156be5f04f0, 0x00000156be5f3040, 0x00000156be5f3510, 0x00000156be5f39e0,
0x00000156be5f1d00, 0x00000156be5f09c0, 0x00000156be5f1360, 0x00000156c09ee3b0,
0x00000156c09ebd30, 0x00000156c09eb390, 0x00000156c09ec200, 0x00000156c09ef220,
0x00000156c09efbc0, 0x00000156c09eb860, 0x00000156c09e8d10, 0x00000156c09ea9f0,
0x00000156c09ef6f0, 0x00000156c09e91e0, 0x00000156c09eda10, 0x00000156c09edee0,
0x00000156c09ec6d0, 0x00000156c09e96b0, 0x00000156c09eaec0, 0x00000156c09e8370,
0x00000156c09ea520, 0x00000156c09ecba0, 0x00000156c09e8840, 0x00000156c09e9b80,
0x00000156c09ed070, 0x00000156c09eed50, 0x00000156c09ee880, 0x00000156c09ea050,
0x00000156c09ed540, 0x00000156bccc8ed0, 0x00000156bcccb080, 0x00000156bcccb550,
0x00000156bcccabb0, 0x00000156bccc93a0, 0x00000156bccc8060, 0x00000156bccc9870,
0x00000156bccca210, 0x00000156bccc8530, 0x00000156bccc8a00, 0x00000156bccc9d40,
0x00000156bccca6e0, 0x00000156bcca5fc0, 0x00000156bccad810
}

Java Threads: ( => current thread )
  0x000001569d7df0b0 JavaThread "Forwarding clickElement on session d2b73d0cb8fdfd001038701d06bc8b8c to remote" [_thread_blocked, id=9432, stack(0x0000000ae4f00000,0x0000000ae5000000)]
  0x000001569d89c820 JavaThread "Reference Handler" daemon [_thread_blocked, id=17128, stack(0x0000000ae5600000,0x0000000ae5700000)]
  0x000001569d89e330 JavaThread "Finalizer" daemon [_thread_blocked, id=16496, stack(0x0000000ae5700000,0x0000000ae5800000)]
  0x000001569d8ac9c0 JavaThread "Signal Dispatcher" daemon [_thread_blocked, id=17864, stack(0x0000000ae5800000,0x0000000ae5900000)]
  0x000001569d8ae580 JavaThread "Attach Listener" daemon [_thread_blocked, id=13080, stack(0x0000000ae5900000,0x0000000ae5a00000)]
  0x00000156ba93ffa0 JavaThread "Service Thread" daemon [_thread_blocked, id=18304, stack(0x0000000ae5a00000,0x0000000ae5b00000)]
  0x00000156ba940950 JavaThread "Monitor Deflation Thread" daemon [_thread_blocked, id=18104, stack(0x0000000ae5b00000,0x0000000ae5c00000)]
=>0x00000156ba9416e0 JavaThread "C2 CompilerThread0" daemon [_thread_in_native, id=13252, stack(0x0000000ae5c00000,0x0000000ae5d00000)]
  0x00000156ba9adfd0 JavaThread "C1 CompilerThread0" daemon [_thread_blocked, id=19984, stack(0x0000000ae5d00000,0x0000000ae5e00000)]
  0x00000156ba9b2d90 JavaThread "Sweeper thread" daemon [_thread_blocked, id=8452, stack(0x0000000ae5e00000,0x0000000ae5f00000)]
  0x00000156bb452500 JavaThread "Notification Thread" daemon [_thread_blocked, id=16936, stack(0x0000000ae5f00000,0x0000000ae6000000)]
  0x00000156bb46e420 JavaThread "Common-Cleaner" daemon [_thread_blocked, id=14092, stack(0x0000000ae6100000,0x0000000ae6200000)]
  0x00000156bbd68a90 JavaThread "ReaderThread" [_thread_in_native, id=4248, stack(0x0000000ae6600000,0x0000000ae6700000)]
  0x00000156bc41dd60 JavaThread "ForkJoinPool.commonPool-worker-1" daemon [_thread_blocked, id=11620, stack(0x0000000ae6700000,0x0000000ae6800000)]
  0x00000156bc609430 JavaThread "ForkJoinPool.commonPool-worker-2" daemon [_thread_blocked, id=19932, stack(0x0000000ae6800000,0x0000000ae6900000)]
  0x00000156bbe648e0 JavaThread "ForkJoinPool.commonPool-worker-3" daemon [_thread_blocked, id=16304, stack(0x0000000ae6900000,0x0000000ae6a00000)]
  0x00000156bd255720 JavaThread "AsyncHttpClient-1-1" daemon [_thread_blocked, id=18916, stack(0x0000000ae6b00000,0x0000000ae6c00000)]
  0x00000156bc82aa90 JavaThread "Exec Default Executor" daemon [_thread_in_native, id=9892, stack(0x0000000ae6c00000,0x0000000ae6d00000)]
  0x00000156be5f26a0 JavaThread "Exec Stream Pumper" daemon [_thread_in_native, id=1252, stack(0x0000000ae6d00000,0x0000000ae6e00000)]
  0x00000156be5f0e90 JavaThread "Exec Stream Pumper" daemon [_thread_in_native, id=18204, stack(0x0000000ae6e00000,0x0000000ae6f00000)]
  0x00000156be5f2b70 JavaThread "Driver Service Executor" daemon [_thread_blocked, id=19452, stack(0x0000000ae6f00000,0x0000000ae7000000)]
  0x00000156be5f0020 JavaThread "Driver Service Executor" daemon [_thread_blocked, id=8584, stack(0x0000000ae7000000,0x0000000ae7100000)]
  0x00000156be5f1830 JavaThread "UrlChecker-2" daemon [_thread_blocked, id=14364, stack(0x0000000ae7100000,0x0000000ae7200000)]
  0x00000156be5f21d0 JavaThread "AsyncHttpClient-1-2" daemon [_thread_in_native, id=20300, stack(0x0000000ae7200000,0x0000000ae7300000)]
  0x00000156be5f04f0 JavaThread "AsyncHttpClient-1-3" daemon [_thread_in_native, id=17976, stack(0x0000000ae6a00000,0x0000000ae6b00000)]
  0x00000156be5f3040 JavaThread "AsyncHttpClient-1-4" daemon [_thread_in_native, id=15780, stack(0x0000000ae7300000,0x0000000ae7400000)]
  0x00000156be5f3510 JavaThread "Exec Default Executor" daemon [_thread_in_native, id=15064, stack(0x0000000ae7400000,0x0000000ae7500000)]
  0x00000156be5f39e0 JavaThread "Exec Stream Pumper" daemon [_thread_in_native, id=19240, stack(0x0000000ae7500000,0x0000000ae7600000)]
  0x00000156be5f1d00 JavaThread "Exec Stream Pumper" daemon [_thread_in_native, id=17228, stack(0x0000000ae7600000,0x0000000ae7700000)]
  0x00000156be5f09c0 JavaThread "Driver Service Executor" daemon [_thread_blocked, id=11508, stack(0x0000000ae7700000,0x0000000ae7800000)]
  0x00000156be5f1360 JavaThread "Driver Service Executor" daemon [_thread_blocked, id=18792, stack(0x0000000ae7800000,0x0000000ae7900000)]
  0x00000156c09ee3b0 JavaThread "AsyncHttpClient-1-5" daemon [_thread_in_native, id=17396, stack(0x0000000ae7a00000,0x0000000ae7b00000)]
  0x00000156c09ebd30 JavaThread "AsyncHttpClient-1-6" daemon [_thread_in_native, id=716, stack(0x0000000ae7b00000,0x0000000ae7c00000)]
  0x00000156c09eb390 JavaThread "AsyncHttpClient-1-7" daemon [_thread_in_native, id=5788, stack(0x0000000ae7c00000,0x0000000ae7d00000)]
  0x00000156c09ec200 JavaThread "Exec Default Executor" daemon [_thread_in_native, id=4280, stack(0x0000000ae7900000,0x0000000ae7a00000)]
  0x00000156c09ef220 JavaThread "Exec Stream Pumper" daemon [_thread_in_native, id=17076, stack(0x0000000ae7d00000,0x0000000ae7e00000)]
  0x00000156c09efbc0 JavaThread "Exec Stream Pumper" daemon [_thread_in_native, id=13212, stack(0x0000000ae7e00000,0x0000000ae7f00000)]
  0x00000156c09eb860 JavaThread "Driver Service Executor" daemon [_thread_blocked, id=7844, stack(0x0000000ae7f00000,0x0000000ae8000000)]
  0x00000156c09e8d10 JavaThread "Driver Service Executor" daemon [_thread_blocked, id=14500, stack(0x0000000ae8000000,0x0000000ae8100000)]
  0x00000156c09ea9f0 JavaThread "AsyncHttpClient-1-8" daemon [_thread_in_native, id=6440, stack(0x0000000ae8200000,0x0000000ae8300000)]
  0x00000156c09ef6f0 JavaThread "AsyncHttpClient-1-9" daemon [_thread_in_native, id=5780, stack(0x0000000ae8500000,0x0000000ae8600000)]
  0x00000156c09e91e0 JavaThread "Exec Default Executor" daemon [_thread_in_native, id=1080, stack(0x0000000ae8100000,0x0000000ae8200000)]
  0x00000156c09eda10 JavaThread "Exec Stream Pumper" daemon [_thread_in_native, id=16252, stack(0x0000000ae8600000,0x0000000ae8700000)]
  0x00000156c09edee0 JavaThread "Exec Stream Pumper" daemon [_thread_in_native, id=19596, stack(0x0000000ae8700000,0x0000000ae8800000)]
  0x00000156c09ec6d0 JavaThread "Driver Service Executor" daemon [_thread_blocked, id=18068, stack(0x0000000ae8800000,0x0000000ae8900000)]
  0x00000156c09e96b0 JavaThread "Driver Service Executor" daemon [_thread_blocked, id=16988, stack(0x0000000ae8900000,0x0000000ae8a00000)]
  0x00000156c09eaec0 JavaThread "Exec Default Executor" daemon [_thread_in_native, id=13516, stack(0x0000000ae8a00000,0x0000000ae8b00000)]
  0x00000156c09e8370 JavaThread "Exec Stream Pumper" daemon [_thread_in_native, id=19980, stack(0x0000000ae8b00000,0x0000000ae8c00000)]
  0x00000156c09ea520 JavaThread "Exec Stream Pumper" daemon [_thread_in_native, id=19708, stack(0x0000000ae8c00000,0x0000000ae8d00000)]
  0x00000156c09ecba0 JavaThread "Driver Service Executor" daemon [_thread_blocked, id=15700, stack(0x0000000ae8d00000,0x0000000ae8e00000)]
  0x00000156c09e8840 JavaThread "Driver Service Executor" daemon [_thread_blocked, id=20100, stack(0x0000000ae8e00000,0x0000000ae8f00000)]
  0x00000156c09e9b80 JavaThread "Exec Default Executor" daemon [_thread_in_native, id=18248, stack(0x0000000ae8f00000,0x0000000ae9000000)]
  0x00000156c09ed070 JavaThread "Exec Stream Pumper" daemon [_thread_in_native, id=15992, stack(0x0000000ae9000000,0x0000000ae9100000)]
  0x00000156c09eed50 JavaThread "Exec Stream Pumper" daemon [_thread_in_native, id=19952, stack(0x0000000ae9100000,0x0000000ae9200000)]
  0x00000156c09ee880 JavaThread "Driver Service Executor" daemon [_thread_blocked, id=7072, stack(0x0000000ae9200000,0x0000000ae9300000)]
  0x00000156c09ea050 JavaThread "Driver Service Executor" daemon [_thread_blocked, id=16860, stack(0x0000000ae9300000,0x0000000ae9400000)]
  0x00000156c09ed540 JavaThread "Exec Default Executor" daemon [_thread_in_native, id=14648, stack(0x0000000ae4c00000,0x0000000ae4d00000)]
  0x00000156bccc8ed0 JavaThread "Exec Stream Pumper" daemon [_thread_in_native, id=18260, stack(0x0000000ae4d00000,0x0000000ae4e00000)]
  0x00000156bcccb080 JavaThread "Exec Stream Pumper" daemon [_thread_in_native, id=20096, stack(0x0000000ae4e00000,0x0000000ae4f00000)]
  0x00000156bcccb550 JavaThread "Driver Service Executor" daemon [_thread_blocked, id=5916, stack(0x0000000ae9400000,0x0000000ae9500000)]
  0x00000156bcccabb0 JavaThread "Driver Service Executor" daemon [_thread_blocked, id=3896, stack(0x0000000ae9500000,0x0000000ae9600000)]
  0x00000156bccc93a0 JavaThread "Exec Default Executor" daemon [_thread_in_native, id=16208, stack(0x0000000ae9600000,0x0000000ae9700000)]
  0x00000156bccc8060 JavaThread "Exec Stream Pumper" daemon [_thread_in_native, id=9208, stack(0x0000000ae9700000,0x0000000ae9800000)]
  0x00000156bccc9870 JavaThread "Exec Stream Pumper" daemon [_thread_in_native, id=10776, stack(0x0000000ae9800000,0x0000000ae9900000)]
  0x00000156bccca210 JavaThread "Driver Service Executor" daemon [_thread_blocked, id=7588, stack(0x0000000ae9900000,0x0000000ae9a00000)]
  0x00000156bccc8530 JavaThread "Driver Service Executor" daemon [_thread_blocked, id=13960, stack(0x0000000ae9a00000,0x0000000ae9b00000)]
  0x00000156bccc8a00 JavaThread "Exec Default Executor" daemon [_thread_in_native, id=12788, stack(0x0000000ae9b00000,0x0000000ae9c00000)]
  0x00000156bccc9d40 JavaThread "Exec Stream Pumper" daemon [_thread_in_native, id=6872, stack(0x0000000ae9c00000,0x0000000ae9d00000)]
  0x00000156bccca6e0 JavaThread "Exec Stream Pumper" daemon [_thread_in_native, id=8612, stack(0x0000000ae9d00000,0x0000000ae9e00000)]
  0x00000156bcca5fc0 JavaThread "Driver Service Executor" daemon [_thread_blocked, id=13336, stack(0x0000000ae9e00000,0x0000000ae9f00000)]
  0x00000156bccad810 JavaThread "Driver Service Executor" daemon [_thread_blocked, id=13620, stack(0x0000000ae9f00000,0x0000000aea000000)]

Other Threads:
  0x000001569d894bb0 VMThread "VM Thread" [stack: 0x0000000ae5500000,0x0000000ae5600000] [id=10728]
  0x00000156bb4589f0 WatcherThread [stack: 0x0000000ae6000000,0x0000000ae6100000] [id=8916]
  0x000001569d81a9a0 GCTaskThread "GC Thread#0" [stack: 0x0000000ae5000000,0x0000000ae5100000] [id=15112]
  0x00000156bbadfd60 GCTaskThread "GC Thread#1" [stack: 0x0000000ae6200000,0x0000000ae6300000] [id=5876]
  0x00000156bbdd0c50 GCTaskThread "GC Thread#2" [stack: 0x0000000ae6300000,0x0000000ae6400000] [id=12860]
  0x00000156bbdc3530 GCTaskThread "GC Thread#3" [stack: 0x0000000ae6400000,0x0000000ae6500000] [id=2052]
  0x000001569d823660 ConcurrentGCThread "G1 Main Marker" [stack: 0x0000000ae5100000,0x0000000ae5200000] [id=12964]
  0x000001569d824950 ConcurrentGCThread "G1 Conc#0" [stack: 0x0000000ae5200000,0x0000000ae5300000] [id=15484]
  0x000001569d871d80 ConcurrentGCThread "G1 Refine#0" [stack: 0x0000000ae5300000,0x0000000ae5400000] [id=10276]
  0x000001569d873080 ConcurrentGCThread "G1 Service" [stack: 0x0000000ae5400000,0x0000000ae5500000] [id=16108]

Threads with active compile tasks:
C2 CompilerThread0   139215 6388       4       org.apache.xmlbeans.impl.store.Cur$CurLoadContext::attr (190 bytes)

VM state: not at safepoint (normal execution)

VM Mutex/Monitor currently owned by a thread: None

Heap address: 0x00000000c1400000, size: 1004 MB, Compressed Oops mode: 32-bit

CDS archive(s) mapped at: [0x0000000800000000-0x0000000800bd0000-0x0000000800bd0000), size 12386304, SharedBaseAddress: 0x0000000800000000, ArchiveRelocationMode: 0.
Compressed class space mapped at: 0x0000000800c00000-0x0000000840c00000, reserved size: 1073741824
Narrow klass base: 0x0000000800000000, Narrow klass shift: 0, Narrow klass range: 0x100000000

GC Precious Log:
 CPUs: 4 total, 4 available
 Memory: 4012M
 Large Page Support: Disabled
 NUMA Support: Disabled
 Compressed Oops: Enabled (32-bit)
 Heap Region Size: 1M
 Heap Min Capacity: 8M
 Heap Initial Capacity: 64M
 Heap Max Capacity: 1004M
 Pre-touch: Disabled
 Parallel Workers: 4
 Concurrent Workers: 1
 Concurrent Refinement Workers: 4
 Periodic GC: Disabled

Heap:
 garbage-first heap   total 99328K, used 75928K [0x00000000c1400000, 0x0000000100000000)
  region size 1024K, 15 young (15360K), 1 survivors (1024K)
 Metaspace       used 40007K, committed 40384K, reserved 1089536K
  class space    used 4773K, committed 4928K, reserved 1048576K

Heap Regions: E=young(eden), S=young(survivor), O=old, HS=humongous(starts), HC=humongous(continues), CS=collection set, F=free, OA=open archive, CA=closed archive, TAMS=top-at-mark-start (previous, next)
|   0|0x00000000c1400000, 0x00000000c1500000, 0x00000000c1500000|100%| O|  |TAMS 0x00000000c1500000, 0x00000000c1400000| Untracked 
|   1|0x00000000c1500000, 0x00000000c1600000, 0x00000000c1600000|100%| O|  |TAMS 0x00000000c1600000, 0x00000000c1500000| Untracked 
|   2|0x00000000c1600000, 0x00000000c1700000, 0x00000000c1700000|100%| O|  |TAMS 0x00000000c1700000, 0x00000000c1600000| Untracked 
|   3|0x00000000c1700000, 0x00000000c1800000, 0x00000000c1800000|100%| O|  |TAMS 0x00000000c1800000, 0x00000000c1700000| Untracked 
|   4|0x00000000c1800000, 0x00000000c1900000, 0x00000000c1900000|100%| O|  |TAMS 0x00000000c1900000, 0x00000000c1800000| Untracked 
|   5|0x00000000c1900000, 0x00000000c1a00000, 0x00000000c1a00000|100%| O|  |TAMS 0x00000000c1a00000, 0x00000000c1900000| Untracked 
|   6|0x00000000c1a00000, 0x00000000c1b00000, 0x00000000c1b00000|100%| O|  |TAMS 0x00000000c1b00000, 0x00000000c1a00000| Untracked 
|   7|0x00000000c1b00000, 0x00000000c1c00000, 0x00000000c1c00000|100%| O|  |TAMS 0x00000000c1c00000, 0x00000000c1b00000| Untracked 
|   8|0x00000000c1c00000, 0x00000000c1d00000, 0x00000000c1d00000|100%| O|  |TAMS 0x00000000c1d00000, 0x00000000c1c00000| Untracked 
|   9|0x00000000c1d00000, 0x00000000c1e00000, 0x00000000c1e00000|100%| O|  |TAMS 0x00000000c1e00000, 0x00000000c1d00000| Untracked 
|  10|0x00000000c1e00000, 0x00000000c1f00000, 0x00000000c1f00000|100%| O|  |TAMS 0x00000000c1f00000, 0x00000000c1e00000| Untracked 
|  11|0x00000000c1f00000, 0x00000000c2000000, 0x00000000c2000000|100%| O|  |TAMS 0x00000000c2000000, 0x00000000c1f00000| Untracked 
|  12|0x00000000c2000000, 0x00000000c2000000, 0x00000000c2100000|  0%| F|  |TAMS 0x00000000c2000000, 0x00000000c2000000| Untracked 
|  13|0x00000000c2100000, 0x00000000c2200000, 0x00000000c2200000|100%| O|  |TAMS 0x00000000c2200000, 0x00000000c2100000| Untracked 
|  14|0x00000000c2200000, 0x00000000c2300000, 0x00000000c2300000|100%| O|  |TAMS 0x00000000c2300000, 0x00000000c2200000| Untracked 
|  15|0x00000000c2300000, 0x00000000c2400000, 0x00000000c2400000|100%| O|  |TAMS 0x00000000c2400000, 0x00000000c2300000| Untracked 
|  16|0x00000000c2400000, 0x00000000c2500000, 0x00000000c2500000|100%| O|  |TAMS 0x00000000c2500000, 0x00000000c2400000| Untracked 
|  17|0x00000000c2500000, 0x00000000c2600000, 0x00000000c2600000|100%| O|  |TAMS 0x00000000c2600000, 0x00000000c2500000| Untracked 
|  18|0x00000000c2600000, 0x00000000c2700000, 0x00000000c2700000|100%|HS|  |TAMS 0x00000000c2700000, 0x00000000c2600000| Complete 
|  19|0x00000000c2700000, 0x00000000c2800000, 0x00000000c2800000|100%|HC|  |TAMS 0x00000000c2800000, 0x00000000c2700000| Complete 
|  20|0x00000000c2800000, 0x00000000c2900000, 0x00000000c2900000|100%|HC|  |TAMS 0x00000000c2900000, 0x00000000c2800000| Complete 
|  21|0x00000000c2900000, 0x00000000c2a00000, 0x00000000c2a00000|100%|HC|  |TAMS 0x00000000c2a00000, 0x00000000c2900000| Complete 
|  22|0x00000000c2a00000, 0x00000000c2b00000, 0x00000000c2b00000|100%|HC|  |TAMS 0x00000000c2b00000, 0x00000000c2a00000| Complete 
|  23|0x00000000c2b00000, 0x00000000c2c00000, 0x00000000c2c00000|100%|HS|  |TAMS 0x00000000c2c00000, 0x00000000c2b00000| Complete 
|  24|0x00000000c2c00000, 0x00000000c2d00000, 0x00000000c2d00000|100%|HC|  |TAMS 0x00000000c2d00000, 0x00000000c2c00000| Complete 
|  25|0x00000000c2d00000, 0x00000000c2e00000, 0x00000000c2e00000|100%|HC|  |TAMS 0x00000000c2e00000, 0x00000000c2d00000| Complete 
|  26|0x00000000c2e00000, 0x00000000c2f00000, 0x00000000c2f00000|100%|HC|  |TAMS 0x00000000c2f00000, 0x00000000c2e00000| Complete 
|  27|0x00000000c2f00000, 0x00000000c3000000, 0x00000000c3000000|100%|HC|  |TAMS 0x00000000c3000000, 0x00000000c2f00000| Complete 
|  28|0x00000000c3000000, 0x00000000c3100000, 0x00000000c3100000|100%| O|  |TAMS 0x00000000c3100000, 0x00000000c3000000| Untracked 
|  29|0x00000000c3100000, 0x00000000c3200000, 0x00000000c3200000|100%|HS|  |TAMS 0x00000000c3200000, 0x00000000c3100000| Complete 
|  30|0x00000000c3200000, 0x00000000c3300000, 0x00000000c3300000|100%|HC|  |TAMS 0x00000000c3300000, 0x00000000c3200000| Complete 
|  31|0x00000000c3300000, 0x00000000c3400000, 0x00000000c3400000|100%|HC|  |TAMS 0x00000000c3400000, 0x00000000c3300000| Complete 
|  32|0x00000000c3400000, 0x00000000c3500000, 0x00000000c3500000|100%|HC|  |TAMS 0x00000000c3500000, 0x00000000c3400000| Complete 
|  33|0x00000000c3500000, 0x00000000c3600000, 0x00000000c3600000|100%|HC|  |TAMS 0x00000000c3600000, 0x00000000c3500000| Complete 
|  34|0x00000000c3600000, 0x00000000c3700000, 0x00000000c3700000|100%| O|  |TAMS 0x00000000c369b200, 0x00000000c3600000| Untracked 
|  35|0x00000000c3700000, 0x00000000c3800000, 0x00000000c3800000|100%|HS|  |TAMS 0x00000000c3800000, 0x00000000c3700000| Complete 
|  36|0x00000000c3800000, 0x00000000c3900000, 0x00000000c3900000|100%|HC|  |TAMS 0x00000000c3900000, 0x00000000c3800000| Complete 
|  37|0x00000000c3900000, 0x00000000c3a00000, 0x00000000c3a00000|100%|HC|  |TAMS 0x00000000c3a00000, 0x00000000c3900000| Complete 
|  38|0x00000000c3a00000, 0x00000000c3b00000, 0x00000000c3b00000|100%|HC|  |TAMS 0x00000000c3b00000, 0x00000000c3a00000| Complete 
|  39|0x00000000c3b00000, 0x00000000c3c00000, 0x00000000c3c00000|100%|HC|  |TAMS 0x00000000c3c00000, 0x00000000c3b00000| Complete 
|  40|0x00000000c3c00000, 0x00000000c3d00000, 0x00000000c3d00000|100%|HS|  |TAMS 0x00000000c3d00000, 0x00000000c3c00000| Complete 
|  41|0x00000000c3d00000, 0x00000000c3e00000, 0x00000000c3e00000|100%|HC|  |TAMS 0x00000000c3e00000, 0x00000000c3d00000| Complete 
|  42|0x00000000c3e00000, 0x00000000c3f00000, 0x00000000c3f00000|100%|HC|  |TAMS 0x00000000c3f00000, 0x00000000c3e00000| Complete 
|  43|0x00000000c3f00000, 0x00000000c4000000, 0x00000000c4000000|100%|HC|  |TAMS 0x00000000c4000000, 0x00000000c3f00000| Complete 
|  44|0x00000000c4000000, 0x00000000c4100000, 0x00000000c4100000|100%|HC|  |TAMS 0x00000000c4100000, 0x00000000c4000000| Complete 
|  45|0x00000000c4100000, 0x00000000c4200000, 0x00000000c4200000|100%|HS|  |TAMS 0x00000000c4200000, 0x00000000c4100000| Complete 
|  46|0x00000000c4200000, 0x00000000c4300000, 0x00000000c4300000|100%|HC|  |TAMS 0x00000000c4300000, 0x00000000c4200000| Complete 
|  47|0x00000000c4300000, 0x00000000c4400000, 0x00000000c4400000|100%|HC|  |TAMS 0x00000000c4400000, 0x00000000c4300000| Complete 
|  48|0x00000000c4400000, 0x00000000c4500000, 0x00000000c4500000|100%|HC|  |TAMS 0x00000000c4500000, 0x00000000c4400000| Complete 
|  49|0x00000000c4500000, 0x00000000c4600000, 0x00000000c4600000|100%|HC|  |TAMS 0x00000000c4600000, 0x00000000c4500000| Complete 
|  50|0x00000000c4600000, 0x00000000c4700000, 0x00000000c4700000|100%|HS|  |TAMS 0x00000000c4600000, 0x00000000c4600000| Complete 
|  51|0x00000000c4700000, 0x00000000c4800000, 0x00000000c4800000|100%|HC|  |TAMS 0x00000000c4700000, 0x00000000c4700000| Complete 
|  52|0x00000000c4800000, 0x00000000c4900000, 0x00000000c4900000|100%|HC|  |TAMS 0x00000000c4800000, 0x00000000c4800000| Complete 
|  53|0x00000000c4900000, 0x00000000c4a00000, 0x00000000c4a00000|100%|HC|  |TAMS 0x00000000c4900000, 0x00000000c4900000| Complete 
|  54|0x00000000c4a00000, 0x00000000c4b00000, 0x00000000c4b00000|100%|HC|  |TAMS 0x00000000c4a00000, 0x00000000c4a00000| Complete 
|  55|0x00000000c4b00000, 0x00000000c4c00000, 0x00000000c4c00000|100%|HS|  |TAMS 0x00000000c4b00000, 0x00000000c4b00000| Complete 
|  56|0x00000000c4c00000, 0x00000000c4d00000, 0x00000000c4d00000|100%|HC|  |TAMS 0x00000000c4c00000, 0x00000000c4c00000| Complete 
|  57|0x00000000c4d00000, 0x00000000c4e00000, 0x00000000c4e00000|100%|HC|  |TAMS 0x00000000c4d00000, 0x00000000c4d00000| Complete 
|  58|0x00000000c4e00000, 0x00000000c4f00000, 0x00000000c4f00000|100%|HC|  |TAMS 0x00000000c4e00000, 0x00000000c4e00000| Complete 
|  59|0x00000000c4f00000, 0x00000000c5000000, 0x00000000c5000000|100%|HC|  |TAMS 0x00000000c4f00000, 0x00000000c4f00000| Complete 
|  60|0x00000000c5000000, 0x00000000c5100000, 0x00000000c5100000|100%| O|  |TAMS 0x00000000c5000000, 0x00000000c5000000| Untracked 
|  61|0x00000000c5100000, 0x00000000c5178800, 0x00000000c5200000| 47%| O|  |TAMS 0x00000000c5100000, 0x00000000c5100000| Untracked 
|  62|0x00000000c5200000, 0x00000000c5200000, 0x00000000c5300000|  0%| F|  |TAMS 0x00000000c5200000, 0x00000000c5200000| Untracked 
|  63|0x00000000c5300000, 0x00000000c5300000, 0x00000000c5400000|  0%| F|  |TAMS 0x00000000c5300000, 0x00000000c5300000| Untracked 
|  64|0x00000000c5400000, 0x00000000c5400000, 0x00000000c5500000|  0%| F|  |TAMS 0x00000000c5400000, 0x00000000c5400000| Untracked 
|  65|0x00000000c5500000, 0x00000000c5500000, 0x00000000c5600000|  0%| F|  |TAMS 0x00000000c5500000, 0x00000000c5500000| Untracked 
|  66|0x00000000c5600000, 0x00000000c5600000, 0x00000000c5700000|  0%| F|  |TAMS 0x00000000c5600000, 0x00000000c5600000| Untracked 
|  67|0x00000000c5700000, 0x00000000c5700000, 0x00000000c5800000|  0%| F|  |TAMS 0x00000000c5700000, 0x00000000c5700000| Untracked 
|  68|0x00000000c5800000, 0x00000000c5800000, 0x00000000c5900000|  0%| F|  |TAMS 0x00000000c5800000, 0x00000000c5800000| Untracked 
|  69|0x00000000c5900000, 0x00000000c5900000, 0x00000000c5a00000|  0%| F|  |TAMS 0x00000000c5900000, 0x00000000c5900000| Untracked 
|  70|0x00000000c5a00000, 0x00000000c5a00000, 0x00000000c5b00000|  0%| F|  |TAMS 0x00000000c5a00000, 0x00000000c5a00000| Untracked 
|  71|0x00000000c5b00000, 0x00000000c5b00000, 0x00000000c5c00000|  0%| F|  |TAMS 0x00000000c5b00000, 0x00000000c5b00000| Untracked 
|  72|0x00000000c5c00000, 0x00000000c5c00000, 0x00000000c5d00000|  0%| F|  |TAMS 0x00000000c5c00000, 0x00000000c5c00000| Untracked 
|  73|0x00000000c5d00000, 0x00000000c5d00000, 0x00000000c5e00000|  0%| F|  |TAMS 0x00000000c5d00000, 0x00000000c5d00000| Untracked 
|  74|0x00000000c5e00000, 0x00000000c5e00000, 0x00000000c5f00000|  0%| F|  |TAMS 0x00000000c5e00000, 0x00000000c5e00000| Untracked 
|  75|0x00000000c5f00000, 0x00000000c5f00000, 0x00000000c6000000|  0%| F|  |TAMS 0x00000000c5f00000, 0x00000000c5f00000| Untracked 
|  76|0x00000000c6000000, 0x00000000c6000000, 0x00000000c6100000|  0%| F|  |TAMS 0x00000000c6000000, 0x00000000c6000000| Untracked 
|  77|0x00000000c6100000, 0x00000000c6100000, 0x00000000c6200000|  0%| F|  |TAMS 0x00000000c6100000, 0x00000000c6100000| Untracked 
|  78|0x00000000c6200000, 0x00000000c6200000, 0x00000000c6300000|  0%| F|  |TAMS 0x00000000c6200000, 0x00000000c6200000| Untracked 
|  79|0x00000000c6300000, 0x00000000c6300000, 0x00000000c6400000|  0%| F|  |TAMS 0x00000000c6300000, 0x00000000c6300000| Untracked 
|  80|0x00000000c6400000, 0x00000000c6400000, 0x00000000c6500000|  0%| F|  |TAMS 0x00000000c6400000, 0x00000000c6400000| Untracked 
|  81|0x00000000c6500000, 0x00000000c6500000, 0x00000000c6600000|  0%| F|  |TAMS 0x00000000c6500000, 0x00000000c6500000| Untracked 
|  82|0x00000000c6600000, 0x00000000c66660a0, 0x00000000c6700000| 39%| E|  |TAMS 0x00000000c6600000, 0x00000000c6600000| Complete 
|  83|0x00000000c6700000, 0x00000000c6800000, 0x00000000c6800000|100%| E|CS|TAMS 0x00000000c6700000, 0x00000000c6700000| Complete 
|  84|0x00000000c6800000, 0x00000000c6900000, 0x00000000c6900000|100%| E|CS|TAMS 0x00000000c6800000, 0x00000000c6800000| Complete 
|  85|0x00000000c6900000, 0x00000000c6a00000, 0x00000000c6a00000|100%| E|CS|TAMS 0x00000000c6900000, 0x00000000c6900000| Complete 
|  86|0x00000000c6a00000, 0x00000000c6b00000, 0x00000000c6b00000|100%| E|CS|TAMS 0x00000000c6a00000, 0x00000000c6a00000| Complete 
|  87|0x00000000c6b00000, 0x00000000c6c00000, 0x00000000c6c00000|100%| E|CS|TAMS 0x00000000c6b00000, 0x00000000c6b00000| Complete 
|  88|0x00000000c6c00000, 0x00000000c6d00000, 0x00000000c6d00000|100%| E|CS|TAMS 0x00000000c6c00000, 0x00000000c6c00000| Complete 
|  89|0x00000000c6d00000, 0x00000000c6e00000, 0x00000000c6e00000|100%| E|CS|TAMS 0x00000000c6d00000, 0x00000000c6d00000| Complete 
|  90|0x00000000c6e00000, 0x00000000c6f00000, 0x00000000c6f00000|100%| E|CS|TAMS 0x00000000c6e00000, 0x00000000c6e00000| Complete 
|  91|0x00000000c6f00000, 0x00000000c7000000, 0x00000000c7000000|100%| E|CS|TAMS 0x00000000c6f00000, 0x00000000c6f00000| Complete 
|  92|0x00000000c7000000, 0x00000000c7100000, 0x00000000c7100000|100%| E|CS|TAMS 0x00000000c7000000, 0x00000000c7000000| Complete 
|  93|0x00000000c7100000, 0x00000000c7200000, 0x00000000c7200000|100%| E|CS|TAMS 0x00000000c7100000, 0x00000000c7100000| Complete 
|  94|0x00000000c7200000, 0x00000000c72ada68, 0x00000000c7300000| 67%| S|CS|TAMS 0x00000000c7200000, 0x00000000c7200000| Complete 
|  95|0x00000000c7300000, 0x00000000c7400000, 0x00000000c7400000|100%| E|CS|TAMS 0x00000000c7300000, 0x00000000c7300000| Complete 
|  96|0x00000000c7400000, 0x00000000c7500000, 0x00000000c7500000|100%| E|CS|TAMS 0x00000000c7400000, 0x00000000c7400000| Complete 

Card table byte_map: [0x00000156b6050000,0x00000156b6250000] _byte_map_base: 0x00000156b5a46000

Marking Bits (Prev, Next): (CMBitMap*) 0x000001569d81afb0, (CMBitMap*) 0x000001569d81aff0
 Prev Bits: [0x00000156b6450000, 0x00000156b7400000)
 Next Bits: [0x00000156b7400000, 0x00000156b83b0000)

Polling page: 0x000001569d8b0000

Metaspace:

Usage:
  Non-class:     34.41 MB used.
      Class:      4.66 MB used.
       Both:     39.07 MB used.

Virtual space:
  Non-class space:       40.00 MB reserved,      34.62 MB ( 87%) committed,  5 nodes.
      Class space:        1.00 GB reserved,       4.81 MB ( <1%) committed,  1 nodes.
             Both:        1.04 GB reserved,      39.44 MB (  4%) committed. 

Chunk freelists:
   Non-Class:  1.30 MB
       Class:  3.14 MB
        Both:  4.43 MB

MaxMetaspaceSize: unlimited
CompressedClassSpaceSize: 1.00 GB
Initial GC threshold: 21.00 MB
Current GC threshold: 64.69 MB
CDS: on
MetaspaceReclaimPolicy: balanced
 - commit_granule_bytes: 65536.
 - commit_granule_words: 8192.
 - virtual_space_node_default_size: 1048576.
 - enlarge_chunks_in_place: 1.
 - new_chunks_are_fully_committed: 0.
 - uncommit_free_chunks: 1.
 - use_allocation_guard: 0.
 - handle_deallocations: 1.


Internal statistics:

num_allocs_failed_limit: 9.
num_arena_births: 484.
num_arena_deaths: 0.
num_vsnodes_births: 6.
num_vsnodes_deaths: 0.
num_space_committed: 631.
num_space_uncommitted: 0.
num_chunks_returned_to_freelist: 9.
num_chunks_taken_from_freelist: 1680.
num_chunk_merges: 9.
num_chunk_splits: 1166.
num_chunks_enlarged: 869.
num_purges: 0.
num_inconsistent_stats: 0.

CodeHeap 'non-profiled nmethods': size=120000Kb used=3012Kb max_used=3012Kb free=116987Kb
 bounds [0x00000156ae2f0000, 0x00000156ae5f0000, 0x00000156b5820000]
CodeHeap 'profiled nmethods': size=120000Kb used=13075Kb max_used=13075Kb free=106925Kb
 bounds [0x00000156a6dc0000, 0x00000156a7a90000, 0x00000156ae2f0000]
CodeHeap 'non-nmethods': size=5760Kb used=1344Kb max_used=1418Kb free=4415Kb
 bounds [0x00000156a6820000, 0x00000156a6a90000, 0x00000156a6dc0000]
 total_blobs=7106 nmethods=6429 adapters=589
 compilation: enabled
              stopped_count=0, restarted_count=0
 full_count=0

Compilation events (20 events):
Event: 138.635 Thread 0x00000156ba9416e0 nmethod 6389 0x00000156ae5dbe10 code [0x00000156ae5dbfe0, 0x00000156ae5dc628]
Event: 138.635 Thread 0x00000156ba9416e0 6391       4       org.apache.xmlbeans.impl.store.Cur$CurLoadContext::text (187 bytes)
Event: 138.645 Thread 0x00000156ba9416e0 nmethod 6391 0x00000156ae5dcb90 code [0x00000156ae5dcd20, 0x00000156ae5dd238]
Event: 138.646 Thread 0x00000156ba9416e0 6387       4       org.apache.xmlbeans.impl.store.Cur$CurLoadContext::attr (17 bytes)
Event: 138.884 Thread 0x00000156ba9416e0 nmethod 6387 0x00000156ae5dd410 code [0x00000156ae5dd6a0, 0x00000156ae5e0280]
Event: 138.884 Thread 0x00000156ba9416e0 6388       4       org.apache.xmlbeans.impl.store.Cur$CurLoadContext::attr (190 bytes)
Event: 138.932 Thread 0x00000156ba9adfd0 6428       3       java.lang.Class::getTypeParameters (19 bytes)
Event: 138.933 Thread 0x00000156ba9adfd0 nmethod 6428 0x00000156a7a79b10 code [0x00000156a7a79d00, 0x00000156a7a7a2e8]
Event: 138.966 Thread 0x00000156ba9adfd0 6429       3       sun.nio.ch.SelectionKeyImpl::translateAndSetReadyOps (12 bytes)
Event: 138.966 Thread 0x00000156ba9adfd0 nmethod 6429 0x00000156a7a7a490 code [0x00000156a7a7a640, 0x00000156a7a7a828]
Event: 138.966 Thread 0x00000156ba9adfd0 6430       3       sun.nio.ch.SocketChannelImpl::translateAndSetReadyOps (8 bytes)
Event: 138.966 Thread 0x00000156ba9adfd0 nmethod 6430 0x00000156a7a7a910 code [0x00000156a7a7aac0, 0x00000156a7a7ac08]
Event: 138.966 Thread 0x00000156ba9adfd0 6431       3       io.netty.channel.nio.NioEventLoop::processSelectedKeys (26 bytes)
Event: 138.967 Thread 0x00000156ba9adfd0 nmethod 6431 0x00000156a7a7ac90 code [0x00000156a7a7ae60, 0x00000156a7a7b128]
Event: 138.967 Thread 0x00000156ba9adfd0 6432       3       java.lang.ref.Finalizer::register (10 bytes)
Event: 138.967 Thread 0x00000156ba9adfd0 nmethod 6432 0x00000156a7a7b210 code [0x00000156a7a7b3c0, 0x00000156a7a7b548]
Event: 138.967 Thread 0x00000156ba9adfd0 6433   !   3       java.lang.ref.Finalizer::<init> (49 bytes)
Event: 138.968 Thread 0x00000156ba9adfd0 nmethod 6433 0x00000156a7a7b610 code [0x00000156a7a7b7e0, 0x00000156a7a7bd98]
Event: 138.974 Thread 0x00000156ba9adfd0 6434       3       io.netty.channel.AbstractChannelHandlerContext::newPromise (16 bytes)
Event: 138.975 Thread 0x00000156ba9adfd0 nmethod 6434 0x00000156a7a7bf90 code [0x00000156a7a7c200, 0x00000156a7a7d248]

GC Heap History (20 events):
Event: 13.194 GC heap before
{Heap before GC invocations=10 (full 0):
 garbage-first heap   total 51200K, used 36930K [0x00000000c1400000, 0x0000000100000000)
  region size 1024K, 22 young (22528K), 3 survivors (3072K)
 Metaspace       used 35353K, committed 35776K, reserved 1081344K
  class space    used 4287K, committed 4480K, reserved 1048576K
}
Event: 13.201 GC heap after
{Heap after GC invocations=11 (full 0):
 garbage-first heap   total 51200K, used 19089K [0x00000000c1400000, 0x0000000100000000)
  region size 1024K, 2 young (2048K), 2 survivors (2048K)
 Metaspace       used 35353K, committed 35776K, reserved 1081344K
  class space    used 4287K, committed 4480K, reserved 1048576K
}
Event: 13.237 GC heap before
{Heap before GC invocations=11 (full 0):
 garbage-first heap   total 51200K, used 20113K [0x00000000c1400000, 0x0000000100000000)
  region size 1024K, 4 young (4096K), 2 survivors (2048K)
 Metaspace       used 35750K, committed 36096K, reserved 1081344K
  class space    used 4352K, committed 4544K, reserved 1048576K
}
Event: 13.241 GC heap after
{Heap after GC invocations=12 (full 0):
 garbage-first heap   total 51200K, used 18918K [0x00000000c1400000, 0x0000000100000000)
  region size 1024K, 2 young (2048K), 2 survivors (2048K)
 Metaspace       used 35750K, committed 36096K, reserved 1081344K
  class space    used 4352K, committed 4544K, reserved 1048576K
}
Event: 22.368 GC heap before
{Heap before GC invocations=13 (full 0):
 garbage-first heap   total 51200K, used 39398K [0x00000000c1400000, 0x0000000100000000)
  region size 1024K, 18 young (18432K), 2 survivors (2048K)
 Metaspace       used 38318K, committed 38656K, reserved 1089536K
  class space    used 4734K, committed 4864K, reserved 1048576K
}
Event: 22.378 GC heap after
{Heap after GC invocations=14 (full 0):
 garbage-first heap   total 51200K, used 25334K [0x00000000c1400000, 0x0000000100000000)
  region size 1024K, 3 young (3072K), 3 survivors (3072K)
 Metaspace       used 38318K, committed 38656K, reserved 1089536K
  class space    used 4734K, committed 4864K, reserved 1048576K
}
Event: 29.611 GC heap before
{Heap before GC invocations=15 (full 0):
 garbage-first heap   total 55296K, used 36598K [0x00000000c1400000, 0x0000000100000000)
  region size 1024K, 10 young (10240K), 3 survivors (3072K)
 Metaspace       used 38415K, committed 38848K, reserved 1089536K
  class space    used 4735K, committed 4928K, reserved 1048576K
}
Event: 29.618 GC heap after
{Heap after GC invocations=16 (full 0):
 garbage-first heap   total 55296K, used 31041K [0x00000000c1400000, 0x0000000100000000)
  region size 1024K, 2 young (2048K), 2 survivors (2048K)
 Metaspace       used 38415K, committed 38848K, reserved 1089536K
  class space    used 4735K, committed 4928K, reserved 1048576K
}
Event: 36.441 GC heap before
{Heap before GC invocations=17 (full 0):
 garbage-first heap   total 63488K, used 40257K [0x00000000c1400000, 0x0000000100000000)
  region size 1024K, 8 young (8192K), 2 survivors (2048K)
 Metaspace       used 38560K, committed 38976K, reserved 1089536K
  class space    used 4736K, committed 4928K, reserved 1048576K
}
Event: 36.445 GC heap after
{Heap after GC invocations=18 (full 0):
 garbage-first heap   total 63488K, used 36558K [0x00000000c1400000, 0x0000000100000000)
  region size 1024K, 2 young (2048K), 2 survivors (2048K)
 Metaspace       used 38560K, committed 38976K, reserved 1089536K
  class space    used 4736K, committed 4928K, reserved 1048576K
}
Event: 48.200 GC heap before
{Heap before GC invocations=19 (full 0):
 garbage-first heap   total 73728K, used 46798K [0x00000000c1400000, 0x0000000100000000)
  region size 1024K, 8 young (8192K), 2 survivors (2048K)
 Metaspace       used 38723K, committed 39104K, reserved 1089536K
  class space    used 4741K, committed 4928K, reserved 1048576K
}
Event: 48.203 GC heap after
{Heap after GC invocations=20 (full 0):
 garbage-first heap   total 73728K, used 41698K [0x00000000c1400000, 0x0000000100000000)
  region size 1024K, 2 young (2048K), 2 survivors (2048K)
 Metaspace       used 38723K, committed 39104K, reserved 1089536K
  class space    used 4741K, committed 4928K, reserved 1048576K
}
Event: 58.388 GC heap before
{Heap before GC invocations=21 (full 0):
 garbage-first heap   total 81920K, used 57058K [0x00000000c1400000, 0x0000000100000000)
  region size 1024K, 13 young (13312K), 2 survivors (2048K)
 Metaspace       used 39136K, committed 39488K, reserved 1089536K
  class space    used 4756K, committed 4928K, reserved 1048576K
}
Event: 58.391 GC heap after
{Heap after GC invocations=22 (full 0):
 garbage-first heap   total 81920K, used 46951K [0x00000000c1400000, 0x0000000100000000)
  region size 1024K, 2 young (2048K), 2 survivors (2048K)
 Metaspace       used 39136K, committed 39488K, reserved 1089536K
  class space    used 4756K, committed 4928K, reserved 1048576K
}
Event: 96.339 GC heap before
{Heap before GC invocations=23 (full 0):
 garbage-first heap   total 91136K, used 63335K [0x00000000c1400000, 0x0000000100000000)
  region size 1024K, 15 young (15360K), 2 survivors (2048K)
 Metaspace       used 39411K, committed 39744K, reserved 1089536K
  class space    used 4762K, committed 4928K, reserved 1048576K
}
Event: 96.345 GC heap after
{Heap after GC invocations=24 (full 0):
 garbage-first heap   total 91136K, used 52306K [0x00000000c1400000, 0x0000000100000000)
  region size 1024K, 2 young (2048K), 2 survivors (2048K)
 Metaspace       used 39411K, committed 39744K, reserved 1089536K
  class space    used 4762K, committed 4928K, reserved 1048576K
}
Event: 126.490 GC heap before
{Heap before GC invocations=25 (full 0):
 garbage-first heap   total 99328K, used 83026K [0x00000000c1400000, 0x0000000100000000)
  region size 1024K, 23 young (23552K), 2 survivors (2048K)
 Metaspace       used 39832K, committed 40192K, reserved 1089536K
  class space    used 4772K, committed 4928K, reserved 1048576K
}
Event: 126.531 GC heap after
{Heap after GC invocations=26 (full 0):
 garbage-first heap   total 99328K, used 62723K [0x00000000c1400000, 0x0000000100000000)
  region size 1024K, 2 young (2048K), 2 survivors (2048K)
 Metaspace       used 39832K, committed 40192K, reserved 1089536K
  class space    used 4772K, committed 4928K, reserved 1048576K
}
Event: 127.273 GC heap before
{Heap before GC invocations=26 (full 0):
 garbage-first heap   total 99328K, used 63747K [0x00000000c1400000, 0x0000000100000000)
  region size 1024K, 4 young (4096K), 2 survivors (2048K)
 Metaspace       used 39883K, committed 40256K, reserved 1089536K
  class space    used 4773K, committed 4928K, reserved 1048576K
}
Event: 127.302 GC heap after
{Heap after GC invocations=27 (full 0):
 garbage-first heap   total 99328K, used 62616K [0x00000000c1400000, 0x0000000100000000)
  region size 1024K, 1 young (1024K), 1 survivors (1024K)
 Metaspace       used 39883K, committed 40256K, reserved 1089536K
  class space    used 4773K, committed 4928K, reserved 1048576K
}

Deoptimization events (20 events):
Event: 114.275 Thread 0x000001569d7df0b0 Uncommon trap: trap_request=0xffffffbe fr.pc=0x00000156ae586654 relative=0x0000000000002034
Event: 114.275 Thread 0x000001569d7df0b0 Uncommon trap: reason=profile_predicate action=maybe_recompile pc=0x00000156ae586654 method=org.apache.poi.openxml4j.opc.PackagePartName.compare(Ljava/lang/String;Ljava/lang/String;)I @ 68 c2
Event: 114.275 Thread 0x000001569d7df0b0 DEOPT PACKING pc=0x00000156ae586654 sp=0x0000000ae4ffce80
Event: 114.275 Thread 0x000001569d7df0b0 DEOPT UNPACKING pc=0x00000156a68723a3 sp=0x0000000ae4ffce10 mode 2
Event: 114.275 Thread 0x000001569d7df0b0 Uncommon trap: trap_request=0xffffffbe fr.pc=0x00000156ae586654 relative=0x0000000000002034
Event: 114.275 Thread 0x000001569d7df0b0 Uncommon trap: reason=profile_predicate action=maybe_recompile pc=0x00000156ae586654 method=org.apache.poi.openxml4j.opc.PackagePartName.compare(Ljava/lang/String;Ljava/lang/String;)I @ 68 c2
Event: 114.276 Thread 0x000001569d7df0b0 DEOPT PACKING pc=0x00000156ae586654 sp=0x0000000ae4ffce80
Event: 114.276 Thread 0x000001569d7df0b0 DEOPT UNPACKING pc=0x00000156a68723a3 sp=0x0000000ae4ffce10 mode 2
Event: 115.235 Thread 0x000001569d7df0b0 DEOPT PACKING pc=0x00000156a76d8a2b sp=0x0000000ae4ffcc80
Event: 115.235 Thread 0x000001569d7df0b0 DEOPT UNPACKING pc=0x00000156a6872b43 sp=0x0000000ae4ffc120 mode 0
Event: 117.031 Thread 0x000001569d7df0b0 DEOPT PACKING pc=0x00000156a756507e sp=0x0000000ae4ffc890
Event: 117.031 Thread 0x000001569d7df0b0 DEOPT UNPACKING pc=0x00000156a6872b43 sp=0x0000000ae4ffbce8 mode 0
Event: 124.572 Thread 0x000001569d7df0b0 Uncommon trap: trap_request=0xffffff76 fr.pc=0x00000156ae58ea2c relative=0x0000000000001f8c
Event: 124.572 Thread 0x000001569d7df0b0 Uncommon trap: reason=predicate action=maybe_recompile pc=0x00000156ae58ea2c method=org.apache.poi.openxml4j.opc.PackagePartName.compare(Ljava/lang/String;Ljava/lang/String;)I @ 68 c2
Event: 124.572 Thread 0x000001569d7df0b0 DEOPT PACKING pc=0x00000156ae58ea2c sp=0x0000000ae4ffce80
Event: 124.572 Thread 0x000001569d7df0b0 DEOPT UNPACKING pc=0x00000156a68723a3 sp=0x0000000ae4ffce10 mode 2
Event: 138.261 Thread 0x000001569d7df0b0 Uncommon trap: trap_request=0xffffffde fr.pc=0x00000156ae427200 relative=0x0000000000000160
Event: 138.261 Thread 0x000001569d7df0b0 Uncommon trap: reason=class_check action=maybe_recompile pc=0x00000156ae427200 method=org.apache.xmlbeans.impl.store.CharUtil.isValid(Ljava/lang/Object;II)Z @ 64 c2
Event: 138.261 Thread 0x000001569d7df0b0 DEOPT PACKING pc=0x00000156ae427200 sp=0x0000000ae4ffc330
Event: 138.261 Thread 0x000001569d7df0b0 DEOPT UNPACKING pc=0x00000156a68723a3 sp=0x0000000ae4ffc2c0 mode 2

Classes unloaded (0 events):
No events

Classes redefined (0 events):
No events

Internal exceptions (20 events):
Event: 96.147 Thread 0x00000156be5f1830 Exception <a 'java/net/ConnectException'{0x00000000c6013a68}: Connection refused: no further information> (0x00000000c6013a68) 
thrown [s\open\src\hotspot\share\prims\jni.cpp, line 535]
Event: 96.147 Thread 0x00000156be5f1830 Exception <a 'java/net/SocketException'{0x00000000c6013da0}: Socket is not connected: shutdown> (0x00000000c6013da0) 
thrown [s\open\src\hotspot\share\prims\jni.cpp, line 535]
Event: 117.071 Thread 0x000001569d7df0b0 Exception <a 'java/net/SocketException'{0x00000000c67025d8}: Socket is not connected: shutdown> (0x00000000c67025d8) 
thrown [s\open\src\hotspot\share\prims\jni.cpp, line 535]
Event: 117.072 Thread 0x000001569d7df0b0 Exception <a 'java/net/SocketException'{0x00000000c6702e40}: Socket is not connected: shutdown> (0x00000000c6702e40) 
thrown [s\open\src\hotspot\share\prims\jni.cpp, line 535]
Event: 117.155 Thread 0x00000156be5f1830 Exception <a 'java/net/ConnectException'{0x00000000c6788f88}: Connection refused: no further information> (0x00000000c6788f88) 
thrown [s\open\src\hotspot\share\prims\jni.cpp, line 535]
Event: 117.155 Thread 0x00000156be5f1830 Exception <a 'java/net/SocketException'{0x00000000c67892c0}: Socket is not connected: shutdown> (0x00000000c67892c0) 
thrown [s\open\src\hotspot\share\prims\jni.cpp, line 535]
Event: 117.182 Thread 0x00000156be5f1830 Exception <a 'java/net/ConnectException'{0x00000000c678a308}: Connection refused: no further information> (0x00000000c678a308) 
thrown [s\open\src\hotspot\share\prims\jni.cpp, line 535]
Event: 117.182 Thread 0x00000156be5f1830 Exception <a 'java/net/SocketException'{0x00000000c678a640}: Socket is not connected: shutdown> (0x00000000c678a640) 
thrown [s\open\src\hotspot\share\prims\jni.cpp, line 535]
Event: 117.214 Thread 0x00000156be5f1830 Exception <a 'java/net/ConnectException'{0x00000000c678b688}: Connection refused: no further information> (0x00000000c678b688) 
thrown [s\open\src\hotspot\share\prims\jni.cpp, line 535]
Event: 117.214 Thread 0x00000156be5f1830 Exception <a 'java/net/SocketException'{0x00000000c678b9c0}: Socket is not connected: shutdown> (0x00000000c678b9c0) 
thrown [s\open\src\hotspot\share\prims\jni.cpp, line 535]
Event: 117.260 Thread 0x00000156be5f1830 Exception <a 'java/net/ConnectException'{0x00000000c678ca08}: Connection refused: no further information> (0x00000000c678ca08) 
thrown [s\open\src\hotspot\share\prims\jni.cpp, line 535]
Event: 117.260 Thread 0x00000156be5f1830 Exception <a 'java/net/SocketException'{0x00000000c678cd40}: Socket is not connected: shutdown> (0x00000000c678cd40) 
thrown [s\open\src\hotspot\share\prims\jni.cpp, line 535]
Event: 129.189 Thread 0x000001569d7df0b0 Exception <a 'java/net/SocketException'{0x00000000c6e88c50}: Socket is not connected: shutdown> (0x00000000c6e88c50) 
thrown [s\open\src\hotspot\share\prims\jni.cpp, line 535]
Event: 129.190 Thread 0x000001569d7df0b0 Exception <a 'java/net/SocketException'{0x00000000c6e894b8}: Socket is not connected: shutdown> (0x00000000c6e894b8) 
thrown [s\open\src\hotspot\share\prims\jni.cpp, line 535]
Event: 129.259 Thread 0x00000156be5f1830 Exception <a 'java/net/ConnectException'{0x00000000c6ef3448}: Connection refused: no further information> (0x00000000c6ef3448) 
thrown [s\open\src\hotspot\share\prims\jni.cpp, line 535]
Event: 129.259 Thread 0x00000156be5f1830 Exception <a 'java/net/SocketException'{0x00000000c6ef3780}: Socket is not connected: shutdown> (0x00000000c6ef3780) 
thrown [s\open\src\hotspot\share\prims\jni.cpp, line 535]
Event: 129.274 Thread 0x00000156be5f1830 Exception <a 'java/net/ConnectException'{0x00000000c6ef47c8}: Connection refused: no further information> (0x00000000c6ef47c8) 
thrown [s\open\src\hotspot\share\prims\jni.cpp, line 535]
Event: 129.274 Thread 0x00000156be5f1830 Exception <a 'java/net/SocketException'{0x00000000c6ef4b00}: Socket is not connected: shutdown> (0x00000000c6ef4b00) 
thrown [s\open\src\hotspot\share\prims\jni.cpp, line 535]
Event: 129.307 Thread 0x00000156be5f1830 Exception <a 'java/net/ConnectException'{0x00000000c6ef5b48}: Connection refused: no further information> (0x00000000c6ef5b48) 
thrown [s\open\src\hotspot\share\prims\jni.cpp, line 535]
Event: 129.307 Thread 0x00000156be5f1830 Exception <a 'java/net/SocketException'{0x00000000c6ef6128}: Socket is not connected: shutdown> (0x00000000c6ef6128) 
thrown [s\open\src\hotspot\share\prims\jni.cpp, line 535]

VM Operations (20 events):
Event: 122.697 Executing VM operation: Cleanup
Event: 122.701 Executing VM operation: Cleanup done
Event: 124.711 Executing VM operation: Cleanup
Event: 124.711 Executing VM operation: Cleanup done
Event: 125.719 Executing VM operation: Cleanup
Event: 125.719 Executing VM operation: Cleanup done
Event: 126.489 Executing VM operation: G1CollectForAllocation
Event: 126.532 Executing VM operation: G1CollectForAllocation done
Event: 127.273 Executing VM operation: G1CollectForAllocation
Event: 127.302 Executing VM operation: G1CollectForAllocation done
Event: 128.312 Executing VM operation: Cleanup
Event: 128.312 Executing VM operation: Cleanup done
Event: 129.320 Executing VM operation: Cleanup
Event: 129.320 Executing VM operation: Cleanup done
Event: 130.327 Executing VM operation: Cleanup
Event: 130.327 Executing VM operation: Cleanup done
Event: 134.358 Executing VM operation: Cleanup
Event: 134.358 Executing VM operation: Cleanup done
Event: 138.405 Executing VM operation: Cleanup
Event: 138.405 Executing VM operation: Cleanup done

Events (20 events):
Event: 95.839 Thread 0x00000156bccc8ed0 Thread added: 0x00000156bccc8ed0
Event: 95.839 Thread 0x00000156bcccb080 Thread added: 0x00000156bcccb080
Event: 95.896 Thread 0x00000156bcccb550 Thread added: 0x00000156bcccb550
Event: 95.896 Thread 0x00000156bcccabb0 Thread added: 0x00000156bcccabb0
Event: 96.322 Thread 0x00000156bccca6e0 Thread added: 0x00000156bccca6e0
Event: 101.326 Thread 0x00000156bccca6e0 Thread exited: 0x00000156bccca6e0
Event: 117.086 Thread 0x00000156bccc93a0 Thread added: 0x00000156bccc93a0
Event: 117.110 Thread 0x00000156bccc8060 Thread added: 0x00000156bccc8060
Event: 117.111 Thread 0x00000156bccc9870 Thread added: 0x00000156bccc9870
Event: 117.152 Thread 0x00000156bccca210 Thread added: 0x00000156bccca210
Event: 117.153 Thread 0x00000156bccc8530 Thread added: 0x00000156bccc8530
Event: 117.356 Thread 0x00000156bccc8a00 Thread added: 0x00000156bccc8a00
Event: 122.372 Thread 0x00000156bccc8a00 Thread exited: 0x00000156bccc8a00
Event: 129.200 Thread 0x00000156bccc8a00 Thread added: 0x00000156bccc8a00
Event: 129.211 Thread 0x00000156bccc9d40 Thread added: 0x00000156bccc9d40
Event: 129.211 Thread 0x00000156bccca6e0 Thread added: 0x00000156bccca6e0
Event: 129.258 Thread 0x00000156bcca5fc0 Thread added: 0x00000156bcca5fc0
Event: 129.258 Thread 0x00000156bccad810 Thread added: 0x00000156bccad810
Event: 129.353 Thread 0x00000156bcca8fe0 Thread added: 0x00000156bcca8fe0
Event: 134.359 Thread 0x00000156bcca8fe0 Thread exited: 0x00000156bcca8fe0


Dynamic libraries:
0x00007ff7d8560000 - 0x00007ff7d8570000 	C:\Program Files\Java\jdk-17.0.5\bin\javaw.exe
0x00007ffa84950000 - 0x00007ffa84b48000 	C:\Windows\SYSTEM32\ntdll.dll
0x00007ffa83b80000 - 0x00007ffa83c3f000 	C:\Windows\System32\KERNEL32.DLL
0x00007ffa82170000 - 0x00007ffa8244a000 	C:\Windows\System32\KERNELBASE.dll
0x00007ffa82720000 - 0x00007ffa82820000 	C:\Windows\System32\ucrtbase.dll
0x00007ffa79f60000 - 0x00007ffa79f78000 	C:\Program Files\Java\jdk-17.0.5\bin\jli.dll
0x00007ffa829d0000 - 0x00007ffa82a7e000 	C:\Windows\System32\ADVAPI32.dll
0x00007ffa84870000 - 0x00007ffa8490e000 	C:\Windows\System32\msvcrt.dll
0x00007ffa83c40000 - 0x00007ffa83cdc000 	C:\Windows\System32\sechost.dll
0x00007ffa833b0000 - 0x00007ffa834d6000 	C:\Windows\System32\RPCRT4.dll
0x00007ffa83510000 - 0x00007ffa836ad000 	C:\Windows\System32\USER32.dll
0x00007ffa82930000 - 0x00007ffa82952000 	C:\Windows\System32\win32u.dll
0x00007ffa834e0000 - 0x00007ffa8350b000 	C:\Windows\System32\GDI32.dll
0x00007ffa7a780000 - 0x00007ffa7a79a000 	C:\Program Files\Java\jdk-17.0.5\bin\VCRUNTIME140.dll
0x00007ffa82820000 - 0x00007ffa82930000 	C:\Windows\System32\gdi32full.dll
0x00007ffa82060000 - 0x00007ffa820fd000 	C:\Windows\System32\msvcp_win.dll
0x00007ffa6f620000 - 0x00007ffa6f8ba000 	C:\Windows\WinSxS\amd64_microsoft.windows.common-controls_6595b64144ccf1df_6.0.19041.1110_none_60b5254171f9507e\COMCTL32.dll
0x00007ffa7a510000 - 0x00007ffa7a51a000 	C:\Windows\SYSTEM32\VERSION.dll
0x00007ffa83380000 - 0x00007ffa833b0000 	C:\Windows\System32\IMM32.DLL
0x00007ffa7f810000 - 0x00007ffa7f81c000 	C:\Program Files\Java\jdk-17.0.5\bin\vcruntime140_1.dll
0x00007ffa70d90000 - 0x00007ffa70e1d000 	C:\Program Files\Java\jdk-17.0.5\bin\msvcp140.dll
0x00007ffa42490000 - 0x00007ffa43052000 	C:\Program Files\Java\jdk-17.0.5\bin\server\jvm.dll
0x00007ffa82b10000 - 0x00007ffa82b18000 	C:\Windows\System32\PSAPI.DLL
0x00007ffa696f0000 - 0x00007ffa696f9000 	C:\Windows\SYSTEM32\WSOCK32.dll
0x00007ffa6d910000 - 0x00007ffa6d937000 	C:\Windows\SYSTEM32\WINMM.dll
0x00007ffa836b0000 - 0x00007ffa8371b000 	C:\Windows\System32\WS2_32.dll
0x00007ffa7fe40000 - 0x00007ffa7fe52000 	C:\Windows\SYSTEM32\kernel.appcore.dll
0x00007ffa7dd00000 - 0x00007ffa7dd0a000 	C:\Program Files\Java\jdk-17.0.5\bin\jimage.dll
0x00007ffa6d590000 - 0x00007ffa6d774000 	C:\Windows\SYSTEM32\DBGHELP.DLL
0x00007ffa6d4e0000 - 0x00007ffa6d514000 	C:\Windows\SYSTEM32\dbgcore.DLL
0x00007ffa82690000 - 0x00007ffa82712000 	C:\Windows\System32\bcryptPrimitives.dll
0x00007ffa734e0000 - 0x00007ffa73505000 	C:\Program Files\Java\jdk-17.0.5\bin\java.dll
0x00007ffa6fea0000 - 0x00007ffa6ff76000 	C:\Program Files\Java\jdk-17.0.5\bin\jsvml.dll
0x00007ffa82b80000 - 0x00007ffa832c4000 	C:\Windows\System32\SHELL32.dll
0x00007ffa80120000 - 0x00007ffa808b3000 	C:\Windows\SYSTEM32\windows.storage.dll
0x00007ffa84350000 - 0x00007ffa846a4000 	C:\Windows\System32\combase.dll
0x00007ffa819e0000 - 0x00007ffa81a0e000 	C:\Windows\SYSTEM32\Wldp.dll
0x00007ffa832d0000 - 0x00007ffa8337d000 	C:\Windows\System32\SHCORE.dll
0x00007ffa82b20000 - 0x00007ffa82b75000 	C:\Windows\System32\shlwapi.dll
0x00007ffa81fa0000 - 0x00007ffa81fbf000 	C:\Windows\SYSTEM32\profapi.dll
0x00007ffa73410000 - 0x00007ffa73429000 	C:\Program Files\Java\jdk-17.0.5\bin\net.dll
0x00007ffa73700000 - 0x00007ffa7380a000 	C:\Windows\SYSTEM32\WINHTTP.dll
0x00007ffa81740000 - 0x00007ffa817aa000 	C:\Windows\system32\mswsock.dll
0x00007ffa71e90000 - 0x00007ffa71ea6000 	C:\Program Files\Java\jdk-17.0.5\bin\nio.dll
0x00007ffa71e10000 - 0x00007ffa71e28000 	C:\Program Files\Java\jdk-17.0.5\bin\zip.dll
0x00007ffa81470000 - 0x00007ffa8153b000 	C:\Windows\SYSTEM32\DNSAPI.dll
0x00007ffa81430000 - 0x00007ffa8146c000 	C:\Windows\SYSTEM32\IPHLPAPI.DLL
0x00007ffa84230000 - 0x00007ffa84238000 	C:\Windows\System32\NSI.dll
0x00007ffa6f960000 - 0x00007ffa6f96a000 	C:\Windows\System32\rasadhlp.dll
0x00007ffa6fb30000 - 0x00007ffa6fbb0000 	C:\Windows\System32\fwpuclnt.dll
0x00007ffa82450000 - 0x00007ffa82477000 	C:\Windows\System32\bcrypt.dll
0x00007ffa81930000 - 0x00007ffa81948000 	C:\Windows\SYSTEM32\CRYPTSP.dll
0x00007ffa81060000 - 0x00007ffa81094000 	C:\Windows\system32\rsaenh.dll
0x00007ffa81f60000 - 0x00007ffa81f8e000 	C:\Windows\SYSTEM32\USERENV.dll
0x00007ffa81950000 - 0x00007ffa8195c000 	C:\Windows\SYSTEM32\CRYPTBASE.dll
0x00007ffa73c00000 - 0x00007ffa73c17000 	C:\Windows\SYSTEM32\dhcpcsvc6.DLL
0x00007ffa74090000 - 0x00007ffa740ad000 	C:\Windows\SYSTEM32\dhcpcsvc.DLL
0x00007ffa7b8a0000 - 0x00007ffa7b8b0000 	C:\Program Files\Java\jdk-17.0.5\bin\verify.dll
0x00007ffa7c0d0000 - 0x00007ffa7c0d9000 	C:\Program Files\Java\jdk-17.0.5\bin\management.dll
0x00007ffa79e70000 - 0x00007ffa79e7b000 	C:\Program Files\Java\jdk-17.0.5\bin\management_ext.dll
0x00007ffa60ed0000 - 0x00007ffa60ee7000 	C:\Windows\system32\napinsp.dll
0x00007ffa60eb0000 - 0x00007ffa60ecb000 	C:\Windows\system32\pnrpnsp.dll
0x00007ffa7c270000 - 0x00007ffa7c285000 	C:\Windows\system32\wshbth.dll
0x00007ffa7d9b0000 - 0x00007ffa7d9cd000 	C:\Windows\system32\NLAapi.dll
0x00007ffa60e90000 - 0x00007ffa60ea2000 	C:\Windows\System32\winrnr.dll
0x00007ffa7b520000 - 0x00007ffa7b52e000 	C:\Program Files\Java\jdk-17.0.5\bin\sunmscapi.dll
0x00007ffa82480000 - 0x00007ffa825d6000 	C:\Windows\System32\CRYPT32.dll
0x00007ffa81a50000 - 0x00007ffa81a78000 	C:\Windows\SYSTEM32\ncrypt.dll
0x00007ffa81a10000 - 0x00007ffa81a4b000 	C:\Windows\SYSTEM32\NTASN1.dll
0x00007ffa6fc70000 - 0x00007ffa6fc77000 	C:\Windows\system32\wshunix.dll

dbghelp: loaded successfully - version: 4.0.5 - missing functions: none
symbol engine: initialized successfully - sym options: 0x614 - pdb path: .;C:\Program Files\Java\jdk-17.0.5\bin;C:\Windows\SYSTEM32;C:\Windows\WinSxS\amd64_microsoft.windows.common-controls_6595b64144ccf1df_6.0.19041.1110_none_60b5254171f9507e;C:\Program Files\Java\jdk-17.0.5\bin\server

VM Arguments:
jvm_args: -ea -Dfile.encoding=UTF-8 -XX:+ShowCodeDetailsInExceptionMessages 
java_command: org.testng.remote.RemoteTestNG -serport 52769 -protocol json -d D:\GIT\test-output D:\GIT\testng.xml
java_class_path (initial): C:\Users\swapn\eclipse\java-2022-09\eclipse\configuration\org.eclipse.osgi\438\0\.cp\lib\testng-remote.jar;D:\GIT\target\test-classes;D:\GIT\target\classes;C:\Users\swapn\.m2\repository\io\github\bonigarcia\webdrivermanager\5.3.2\webdrivermanager-5.3.2.jar;C:\Users\swapn\.m2\repository\org\slf4j\slf4j-api\2.0.6\slf4j-api-2.0.6.jar;C:\Users\swapn\.m2\repository\com\google\code\gson\gson\2.10.1\gson-2.10.1.jar;C:\Users\swapn\.m2\repository\com\github\docker-java\docker-java\3.2.14\docker-java-3.2.14.jar;C:\Users\swapn\.m2\repository\com\github\docker-java\docker-java-core\3.2.14\docker-java-core-3.2.14.jar;C:\Users\swapn\.m2\repository\com\github\docker-java\docker-java-api\3.2.14\docker-java-api-3.2.14.jar;C:\Users\swapn\.m2\repository\com\fasterxml\jackson\core\jackson-annotations\2.10.3\jackson-annotations-2.10.3.jar;C:\Users\swapn\.m2\repository\com\fasterxml\jackson\core\jackson-databind\2.10.3\jackson-databind-2.10.3.jar;C:\Users\swapn\.m2\repository\com\fasterxml\jackson\core\jackson-core\2.10.3\jackson-core-2.10.3.jar;C:\Users\swapn\.m2\repository\org\bouncycastle\bcpkix-jdk15on\1.64\bcpkix-jdk15on-1.64.jar;C:\Users\swapn\.m2\repository\org\bouncycastle\bcprov-jdk15on\1.64\bcprov-jdk15on-1.64.jar;C:\Users\swapn\.m2\repository\org\slf4j\jcl-over-slf4j\1.7.30\jcl-over-slf4j-1.7.30.jar;C:\Users\swapn\.m2\repository\com\github\docker-java\docker-java-transport-httpclient5\3.2.14\docker-java-transport-httpclient5-3.2.14.jar;C:\Users\swapn\.m2\repository\com\github\docker-java\docker-java-transport\3.2.14\docker-java-transport-3.2.14.jar;C:\Users\swapn\.m2\repository\net\java\dev\jna\jna\5.12.1\jna-5.12.1.jar;C:\Users\swapn\.m2\repository\org\brotli\dec\0.1.2\dec-0.1.2.jar;C:\Users\swapn\.m2\repository\org\apache\commons\commons-lang3\3.12.0\commons-lang3-3.12.0.jar;C:\Users\swapn\.m2\repository\org\apache\httpcomponents\client5\httpclient5\5.2.1\httpclient5-5.2.1.jar;C:\Users\swapn\.m2\repository\org\apache\httpcomponents\core5\httpcore
Launcher Type: SUN_STANDARD

[Global flags]
     intx CICompilerCount                          = 3                                         {product} {ergonomic}
     uint ConcGCThreads                            = 1                                         {product} {ergonomic}
     uint G1ConcRefinementThreads                  = 4                                         {product} {ergonomic}
   size_t G1HeapRegionSize                         = 1048576                                   {product} {ergonomic}
    uintx GCDrainStackTargetSize                   = 64                                        {product} {ergonomic}
   size_t InitialHeapSize                          = 67108864                                  {product} {ergonomic}
   size_t MarkStackSize                            = 4194304                                   {product} {ergonomic}
   size_t MaxHeapSize                              = 1052770304                                {product} {ergonomic}
   size_t MaxNewSize                               = 631242752                                 {product} {ergonomic}
   size_t MinHeapDeltaBytes                        = 1048576                                   {product} {ergonomic}
   size_t MinHeapSize                              = 8388608                                   {product} {ergonomic}
    uintx NonNMethodCodeHeapSize                   = 5832780                                {pd product} {ergonomic}
    uintx NonProfiledCodeHeapSize                  = 122912730                              {pd product} {ergonomic}
    uintx ProfiledCodeHeapSize                     = 122912730                              {pd product} {ergonomic}
    uintx ReservedCodeCacheSize                    = 251658240                              {pd product} {ergonomic}
     bool SegmentedCodeCache                       = true                                      {product} {ergonomic}
     bool ShowCodeDetailsInExceptionMessages       = true                                   {manageable} {command line}
   size_t SoftMaxHeapSize                          = 1052770304                             {manageable} {ergonomic}
     bool UseCompressedClassPointers               = true                           {product lp64_product} {ergonomic}
     bool UseCompressedOops                        = true                           {product lp64_product} {ergonomic}
     bool UseG1GC                                  = true                                      {product} {ergonomic}
     bool UseLargePagesIndividualAllocation        = false                                  {pd product} {ergonomic}

Logging:
Log output configuration:
 #0: stdout all=warning uptime,level,tags
 #1: stderr all=off uptime,level,tags

Environment Variables:
PATH=C:\Python311\Scripts\;C:\Python311\;C:\Program Files\Common Files\Oracle\Java\javapath;C:\Windows\system32;C:\Windows;C:\Windows\System32\Wbem;C:\Windows\System32\WindowsPowerShell\v1.0\;C:\Windows\System32\OpenSSH\;C:\Program Files\nodejs\;C:\ProgramData\chocolatey\bin;C:\Program Files\Git\cmd;C:\Program Files\MySQL\MySQL Shell 8.0\bin\;C:\Users\swapn\AppData\Local\Microsoft\WindowsApps;C:\Users\swapn\AppData\Roaming\npm;C:\Users\swapn\AppData\Local\Programs\Microsoft VS Code\bin;C:\Program Files\JetBrains\IntelliJ IDEA Community Edition 2023.1\bin;
USERNAME=swapn
OS=Windows_NT
PROCESSOR_IDENTIFIER=Intel64 Family 6 Model 78 Stepping 3, GenuineIntel



---------------  S Y S T E M  ---------------

OS:
 Windows 10 , 64 bit Build 19041 (10.0.19041.2788)
OS uptime: 7 days 4:26 hours

CPU: total 4 (initial active 4) (2 cores per cpu, 2 threads per core) family 6 model 78 stepping 3 microcode 0xcc, cx8, cmov, fxsr, ht, mmx, 3dnowpref, sse, sse2, sse3, ssse3, sse4.1, sse4.2, popcnt, lzcnt, tsc, tscinvbit, avx, avx2, aes, erms, clmul, bmi1, bmi2, adx, fma, vzeroupper, clflush, clflushopt

Memory: 4k page, system-wide physical 4012M (87M free)
TotalPageFile size 16300M (AvailPageFile size 29M)
current process WorkingSet (physical memory assigned to process): 113M, peak: 217M
current process commit charge ("private bytes"): 292M, peak: 306M

vm_info: Java HotSpot(TM) 64-Bit Server VM (17.0.5+9-LTS-191) for windows-amd64 JRE (17.0.5+9-LTS-191), built on Sep 13 2022 17:31:43 by "mach5one" with MS VC++ 16.8 / 16.9 (VS2019)

END.
