#
# There is insufficient memory for the Java Runtime Environment to continue.
# Native memory allocation (malloc) failed to allocate 320896 bytes for Chunk::new
# Possible reasons:
#   The system is out of physical RAM or swap space
#   The process is running with CompressedOops enabled, and the Java Heap may be blocking the growth of the native heap
# Possible solutions:
#   Reduce memory load on the system
#   Increase physical memory or swap space
#   Check if swap backing store is full
#   Decrease Java heap size (-Xmx/-Xms)
#   Decrease number of Java threads
#   Decrease Java thread stack sizes (-Xss)
#   Set larger code cache with -XX:ReservedCodeCacheSize=
#   JVM is running with Unscaled Compressed Oops mode in which the Java heap is
#     placed in the first 4GB address space. The Java Heap base address is the
#     maximum limit for the native heap growth. Please use -XX:HeapBaseMinAddress
#     to set the Java Heap base and to place the Java Heap above 4GB virtual address.
# This output file may be truncated or incomplete.
#
#  Out of Memory Error (arena.cpp:189), pid=384, tid=2396
#
# JRE version: Java(TM) SE Runtime Environment (17.0.5+9) (build 17.0.5+9-LTS-191)
# Java VM: Java HotSpot(TM) 64-Bit Server VM (17.0.5+9-LTS-191, mixed mode, sharing, tiered, compressed oops, compressed class ptrs, g1 gc, windows-amd64)
# No core dump will be written. Minidumps are not enabled by default on client versions of Windows
#

---------------  S U M M A R Y ------------

Command Line: -ea -Dfile.encoding=UTF-8 -XX:+ShowCodeDetailsInExceptionMessages org.testng.remote.RemoteTestNG -serport 52434 -protocol json -d D:\GIT\test-output D:\GIT\testng.xml

Host: Intel(R) Core(TM) i3-6006U CPU @ 2.00GHz, 4 cores, 3G,  Windows 10 , 64 bit Build 19041 (10.0.19041.2788)
Time: Thu Apr 27 01:11:50 2023 India Standard Time elapsed time: 130.832363 seconds (0d 0h 2m 10s)

---------------  T H R E A D  ---------------

Current thread (0x0000018a5dbb4910):  JavaThread "C2 CompilerThread0" daemon [_thread_in_native, id=2396, stack(0x0000000520c00000,0x0000000520d00000)]


Current CompileTask:
C2: 130832 6796       4       java.util.regex.Pattern::atom (422 bytes)

Stack: [0x0000000520c00000,0x0000000520d00000]
Native frames: (J=compiled Java code, j=interpreted, Vv=VM code, C=native code)
V  [jvm.dll+0x672eea]
V  [jvm.dll+0x7d2a04]
V  [jvm.dll+0x7d41ae]
V  [jvm.dll+0x7d4813]
V  [jvm.dll+0x242c15]
V  [jvm.dll+0xaa57b]
V  [jvm.dll+0xaab0c]
V  [jvm.dll+0x2a997f]
V  [jvm.dll+0x57b307]
V  [jvm.dll+0x21de72]
V  [jvm.dll+0x21e24f]
V  [jvm.dll+0x217b15]
V  [jvm.dll+0x214fdb]
V  [jvm.dll+0x1a18ed]
V  [jvm.dll+0x22493a]
V  [jvm.dll+0x222aa5]
V  [jvm.dll+0x7885db]
V  [jvm.dll+0x782b4a]
V  [jvm.dll+0x671d75]
C  [ucrtbase.dll+0x21bb2]
C  [KERNEL32.DLL+0x17604]
C  [ntdll.dll+0x526a1]


---------------  P R O C E S S  ---------------

Threads class SMR info:
_java_thread_list=0x0000018a60c22e10, length=72, elements={
0x0000018a4297f8e0, 0x0000018a42a3f240, 0x0000018a42a408a0, 0x0000018a5dbae0d0,
0x0000018a5dbafba0, 0x0000018a5dbb2c10, 0x0000018a5dbb3c70, 0x0000018a5dbb4910,
0x0000018a5dbbb690, 0x0000018a5dc10700, 0x0000018a5e874ad0, 0x0000018a5e889790,
0x0000018a5f1caa20, 0x0000018a5f24bd80, 0x0000018a5fddf3e0, 0x0000018a5fae3190,
0x0000018a5fb67e00, 0x0000018a5fb6b2f0, 0x0000018a5fb687a0, 0x0000018a5fb68c70,
0x0000018a5fb69610, 0x0000018a5fb67930, 0x0000018a5fb682d0, 0x0000018a5fb69fb0,
0x0000018a5fb69ae0, 0x0000018a5fb6a480, 0x0000018a5fb6a950, 0x0000018a5fb6ae20,
0x0000018a60049230, 0x0000018a6004df30, 0x0000018a6004a570, 0x0000018a6004d590,
0x0000018a6004af10, 0x0000018a6004b3e0, 0x0000018a6004e400, 0x0000018a60047080,
0x0000018a60047550, 0x0000018a60047ef0, 0x0000018a60048890, 0x0000018a6004e8d0,
0x0000018a60047a20, 0x0000018a60049700, 0x0000018a600483c0, 0x0000018a60048d60,
0x0000018a6004a0a0, 0x0000018a60049bd0, 0x0000018a6004b8b0, 0x0000018a6004bd80,
0x0000018a6004c250, 0x0000018a6004c720, 0x0000018a6004cbf0, 0x0000018a6004d0c0,
0x0000018a6004da60, 0x0000018a603c5870, 0x0000018a603ca0a0, 0x0000018a603cb3e0,
0x0000018a603c83c0, 0x0000018a603c4ed0, 0x0000018a603c8890, 0x0000018a603c4060,
0x0000018a603c53a0, 0x0000018a603c7a20, 0x0000018a603ca570, 0x0000018a603c5d40,
0x0000018a603c8d60, 0x0000018a603caa40, 0x0000018a603caf10, 0x0000018a603c6210,
0x0000018a603cb8b0, 0x0000018a603c66e0, 0x0000018a603c4530, 0x0000018a603c7ef0
}

Java Threads: ( => current thread )
  0x0000018a4297f8e0 JavaThread "Forwarding findElement on session 6496347fbd6fd6230a9c360a4fe22330 to remote" [_thread_blocked, id=13304, stack(0x000000051ff00000,0x0000000520000000)]
  0x0000018a42a3f240 JavaThread "Reference Handler" daemon [_thread_blocked, id=8948, stack(0x0000000520600000,0x0000000520700000)]
  0x0000018a42a408a0 JavaThread "Finalizer" daemon [_thread_blocked, id=6300, stack(0x0000000520700000,0x0000000520800000)]
  0x0000018a5dbae0d0 JavaThread "Signal Dispatcher" daemon [_thread_blocked, id=15088, stack(0x0000000520800000,0x0000000520900000)]
  0x0000018a5dbafba0 JavaThread "Attach Listener" daemon [_thread_blocked, id=14092, stack(0x0000000520900000,0x0000000520a00000)]
  0x0000018a5dbb2c10 JavaThread "Service Thread" daemon [_thread_blocked, id=16096, stack(0x0000000520a00000,0x0000000520b00000)]
  0x0000018a5dbb3c70 JavaThread "Monitor Deflation Thread" daemon [_thread_blocked, id=16324, stack(0x0000000520b00000,0x0000000520c00000)]
=>0x0000018a5dbb4910 JavaThread "C2 CompilerThread0" daemon [_thread_in_native, id=2396, stack(0x0000000520c00000,0x0000000520d00000)]
  0x0000018a5dbbb690 JavaThread "C1 CompilerThread0" daemon [_thread_blocked, id=15872, stack(0x0000000520d00000,0x0000000520e00000)]
  0x0000018a5dc10700 JavaThread "Sweeper thread" daemon [_thread_blocked, id=2840, stack(0x0000000520e00000,0x0000000520f00000)]
  0x0000018a5e874ad0 JavaThread "Notification Thread" daemon [_thread_blocked, id=13076, stack(0x0000000520f00000,0x0000000521000000)]
  0x0000018a5e889790 JavaThread "Common-Cleaner" daemon [_thread_blocked, id=404, stack(0x0000000521100000,0x0000000521200000)]
  0x0000018a5f1caa20 JavaThread "ReaderThread" [_thread_in_native, id=13548, stack(0x0000000521600000,0x0000000521700000)]
  0x0000018a5f24bd80 JavaThread "ForkJoinPool.commonPool-worker-1" daemon [_thread_blocked, id=15020, stack(0x0000000521800000,0x0000000521900000)]
  0x0000018a5fddf3e0 JavaThread "ForkJoinPool.commonPool-worker-2" daemon [_thread_blocked, id=13496, stack(0x0000000521900000,0x0000000521a00000)]
  0x0000018a5fae3190 JavaThread "ForkJoinPool.commonPool-worker-3" daemon [_thread_blocked, id=18484, stack(0x0000000521a00000,0x0000000521b00000)]
  0x0000018a5fb67e00 JavaThread "AsyncHttpClient-1-1" daemon [_thread_blocked, id=16148, stack(0x0000000521700000,0x0000000521800000)]
  0x0000018a5fb6b2f0 JavaThread "Exec Default Executor" daemon [_thread_in_native, id=16860, stack(0x0000000521b00000,0x0000000521c00000)]
  0x0000018a5fb687a0 JavaThread "Exec Stream Pumper" daemon [_thread_in_native, id=13988, stack(0x0000000521c00000,0x0000000521d00000)]
  0x0000018a5fb68c70 JavaThread "Exec Stream Pumper" daemon [_thread_in_native, id=15936, stack(0x0000000521d00000,0x0000000521e00000)]
  0x0000018a5fb69610 JavaThread "Driver Service Executor" daemon [_thread_blocked, id=19196, stack(0x0000000521e00000,0x0000000521f00000)]
  0x0000018a5fb67930 JavaThread "Driver Service Executor" daemon [_thread_blocked, id=10588, stack(0x0000000521f00000,0x0000000522000000)]
  0x0000018a5fb682d0 JavaThread "UrlChecker-2" daemon [_thread_blocked, id=19276, stack(0x0000000522000000,0x0000000522100000)]
  0x0000018a5fb69fb0 JavaThread "AsyncHttpClient-1-2" daemon [_thread_in_native, id=1932, stack(0x0000000522200000,0x0000000522300000)]
  0x0000018a5fb69ae0 JavaThread "AsyncHttpClient-1-3" daemon [_thread_in_native, id=10476, stack(0x0000000522100000,0x0000000522200000)]
  0x0000018a5fb6a480 JavaThread "AsyncHttpClient-1-4" daemon [_thread_in_native, id=11016, stack(0x0000000522300000,0x0000000522400000)]
  0x0000018a5fb6a950 JavaThread "Exec Default Executor" daemon [_thread_in_native, id=12848, stack(0x0000000522400000,0x0000000522500000)]
  0x0000018a5fb6ae20 JavaThread "Exec Stream Pumper" daemon [_thread_in_native, id=17632, stack(0x0000000522500000,0x0000000522600000)]
  0x0000018a60049230 JavaThread "Exec Stream Pumper" daemon [_thread_in_native, id=3316, stack(0x0000000522600000,0x0000000522700000)]
  0x0000018a6004df30 JavaThread "Driver Service Executor" daemon [_thread_blocked, id=12972, stack(0x0000000522700000,0x0000000522800000)]
  0x0000018a6004a570 JavaThread "Driver Service Executor" daemon [_thread_blocked, id=17872, stack(0x0000000522800000,0x0000000522900000)]
  0x0000018a6004d590 JavaThread "AsyncHttpClient-1-5" daemon [_thread_in_native, id=14432, stack(0x0000000522a00000,0x0000000522b00000)]
  0x0000018a6004af10 JavaThread "AsyncHttpClient-1-6" daemon [_thread_in_native, id=11204, stack(0x0000000522b00000,0x0000000522c00000)]
  0x0000018a6004b3e0 JavaThread "AsyncHttpClient-1-7" daemon [_thread_in_native, id=8452, stack(0x0000000522c00000,0x0000000522d00000)]
  0x0000018a6004e400 JavaThread "Exec Default Executor" daemon [_thread_in_native, id=13016, stack(0x0000000522900000,0x0000000522a00000)]
  0x0000018a60047080 JavaThread "Exec Stream Pumper" daemon [_thread_in_native, id=14404, stack(0x0000000522d00000,0x0000000522e00000)]
  0x0000018a60047550 JavaThread "Exec Stream Pumper" daemon [_thread_in_native, id=16936, stack(0x0000000522e00000,0x0000000522f00000)]
  0x0000018a60047ef0 JavaThread "Driver Service Executor" daemon [_thread_blocked, id=9224, stack(0x0000000522f00000,0x0000000523000000)]
  0x0000018a60048890 JavaThread "Driver Service Executor" daemon [_thread_blocked, id=18492, stack(0x0000000523000000,0x0000000523100000)]
  0x0000018a6004e8d0 JavaThread "AsyncHttpClient-1-8" daemon [_thread_in_native, id=19296, stack(0x0000000523200000,0x0000000523300000)]
  0x0000018a60047a20 JavaThread "AsyncHttpClient-1-9" daemon [_thread_in_native, id=12628, stack(0x0000000523500000,0x0000000523600000)]
  0x0000018a60049700 JavaThread "Exec Default Executor" daemon [_thread_in_native, id=16100, stack(0x0000000523100000,0x0000000523200000)]
  0x0000018a600483c0 JavaThread "Exec Stream Pumper" daemon [_thread_in_native, id=8008, stack(0x0000000523600000,0x0000000523700000)]
  0x0000018a60048d60 JavaThread "Exec Stream Pumper" daemon [_thread_in_native, id=10968, stack(0x0000000523700000,0x0000000523800000)]
  0x0000018a6004a0a0 JavaThread "Driver Service Executor" daemon [_thread_blocked, id=13068, stack(0x0000000523800000,0x0000000523900000)]
  0x0000018a60049bd0 JavaThread "Driver Service Executor" daemon [_thread_blocked, id=540, stack(0x0000000523900000,0x0000000523a00000)]
  0x0000018a6004b8b0 JavaThread "Exec Default Executor" daemon [_thread_in_native, id=14788, stack(0x0000000523a00000,0x0000000523b00000)]
  0x0000018a6004bd80 JavaThread "Exec Stream Pumper" daemon [_thread_in_native, id=9920, stack(0x0000000523b00000,0x0000000523c00000)]
  0x0000018a6004c250 JavaThread "Exec Stream Pumper" daemon [_thread_in_native, id=14592, stack(0x0000000523c00000,0x0000000523d00000)]
  0x0000018a6004c720 JavaThread "Driver Service Executor" daemon [_thread_blocked, id=18744, stack(0x0000000523d00000,0x0000000523e00000)]
  0x0000018a6004cbf0 JavaThread "Driver Service Executor" daemon [_thread_blocked, id=18844, stack(0x0000000523e00000,0x0000000523f00000)]
  0x0000018a6004d0c0 JavaThread "Exec Default Executor" daemon [_thread_in_native, id=19312, stack(0x0000000523f00000,0x0000000524000000)]
  0x0000018a6004da60 JavaThread "Exec Stream Pumper" daemon [_thread_in_native, id=7496, stack(0x0000000524000000,0x0000000524100000)]
  0x0000018a603c5870 JavaThread "Exec Stream Pumper" daemon [_thread_in_native, id=5768, stack(0x0000000524100000,0x0000000524200000)]
  0x0000018a603ca0a0 JavaThread "Driver Service Executor" daemon [_thread_blocked, id=9340, stack(0x0000000524200000,0x0000000524300000)]
  0x0000018a603cb3e0 JavaThread "Driver Service Executor" daemon [_thread_blocked, id=8520, stack(0x0000000524300000,0x0000000524400000)]
  0x0000018a603c83c0 JavaThread "Exec Default Executor" daemon [_thread_in_native, id=13528, stack(0x000000051fc00000,0x000000051fd00000)]
  0x0000018a603c4ed0 JavaThread "Exec Stream Pumper" daemon [_thread_in_native, id=10300, stack(0x000000051fd00000,0x000000051fe00000)]
  0x0000018a603c8890 JavaThread "Exec Stream Pumper" daemon [_thread_in_native, id=18096, stack(0x000000051fe00000,0x000000051ff00000)]
  0x0000018a603c4060 JavaThread "Driver Service Executor" daemon [_thread_blocked, id=3160, stack(0x0000000524400000,0x0000000524500000)]
  0x0000018a603c53a0 JavaThread "Driver Service Executor" daemon [_thread_blocked, id=16616, stack(0x0000000524500000,0x0000000524600000)]
  0x0000018a603c7a20 JavaThread "Exec Default Executor" daemon [_thread_in_native, id=19064, stack(0x0000000524600000,0x0000000524700000)]
  0x0000018a603ca570 JavaThread "Exec Stream Pumper" daemon [_thread_in_native, id=7296, stack(0x0000000524700000,0x0000000524800000)]
  0x0000018a603c5d40 JavaThread "Exec Stream Pumper" daemon [_thread_in_native, id=7908, stack(0x0000000524800000,0x0000000524900000)]
  0x0000018a603c8d60 JavaThread "Driver Service Executor" daemon [_thread_blocked, id=17356, stack(0x0000000524900000,0x0000000524a00000)]
  0x0000018a603caa40 JavaThread "Driver Service Executor" daemon [_thread_blocked, id=7560, stack(0x0000000524a00000,0x0000000524b00000)]
  0x0000018a603caf10 JavaThread "Exec Default Executor" daemon [_thread_in_native, id=20304, stack(0x0000000524b00000,0x0000000524c00000)]
  0x0000018a603c6210 JavaThread "Exec Stream Pumper" daemon [_thread_in_native, id=20364, stack(0x0000000524c00000,0x0000000524d00000)]
  0x0000018a603cb8b0 JavaThread "Exec Stream Pumper" daemon [_thread_in_native, id=20380, stack(0x0000000524d00000,0x0000000524e00000)]
  0x0000018a603c66e0 JavaThread "Driver Service Executor" daemon [_thread_blocked, id=14700, stack(0x0000000524e00000,0x0000000524f00000)]
  0x0000018a603c4530 JavaThread "Driver Service Executor" daemon [_thread_blocked, id=11960, stack(0x0000000524f00000,0x0000000525000000)]
  0x0000018a603c7ef0 JavaThread "Keep-Alive-Timer" daemon [_thread_blocked, id=18248, stack(0x0000000525000000,0x0000000525100000)]

Other Threads:
  0x0000018a42a376c0 VMThread "VM Thread" [stack: 0x0000000520500000,0x0000000520600000] [id=9736]
  0x0000018a429ce130 WatcherThread [stack: 0x0000000521000000,0x0000000521100000] [id=5944]
  0x0000018a429bb480 GCTaskThread "GC Thread#0" [stack: 0x0000000520000000,0x0000000520100000] [id=16968]
  0x0000018a5f1e32f0 GCTaskThread "GC Thread#1" [stack: 0x0000000521200000,0x0000000521300000] [id=19140]
  0x0000018a5f1d2730 GCTaskThread "GC Thread#2" [stack: 0x0000000521300000,0x0000000521400000] [id=6080]
  0x0000018a5f1d29e0 GCTaskThread "GC Thread#3" [stack: 0x0000000521400000,0x0000000521500000] [id=6412]
  0x0000018a429c5800 ConcurrentGCThread "G1 Main Marker" [stack: 0x0000000520100000,0x0000000520200000] [id=11372]
  0x0000018a429c6130 ConcurrentGCThread "G1 Conc#0" [stack: 0x0000000520200000,0x0000000520300000] [id=2500]
  0x0000018a42a169e0 ConcurrentGCThread "G1 Refine#0" [stack: 0x0000000520300000,0x0000000520400000] [id=11844]
  0x0000018a42a17310 ConcurrentGCThread "G1 Service" [stack: 0x0000000520400000,0x0000000520500000] [id=18104]

Threads with active compile tasks:
C2 CompilerThread0   130921 6796       4       java.util.regex.Pattern::atom (422 bytes)

VM state: not at safepoint (normal execution)

VM Mutex/Monitor currently owned by a thread: None

Heap address: 0x00000000c1400000, size: 1004 MB, Compressed Oops mode: 32-bit

CDS archive(s) mapped at: [0x0000000800000000-0x0000000800bd0000-0x0000000800bd0000), size 12386304, SharedBaseAddress: 0x0000000800000000, ArchiveRelocationMode: 0.
Compressed class space mapped at: 0x0000000800c00000-0x0000000840c00000, reserved size: 1073741824
Narrow klass base: 0x0000000800000000, Narrow klass shift: 0, Narrow klass range: 0x100000000

GC Precious Log:
 CPUs: 4 total, 4 available
 Memory: 4012M
 Large Page Support: Disabled
 NUMA Support: Disabled
 Compressed Oops: Enabled (32-bit)
 Heap Region Size: 1M
 Heap Min Capacity: 8M
 Heap Initial Capacity: 64M
 Heap Max Capacity: 1004M
 Pre-touch: Disabled
 Parallel Workers: 4
 Concurrent Workers: 1
 Concurrent Refinement Workers: 4
 Periodic GC: Disabled

Heap:
 garbage-first heap   total 109568K, used 82088K [0x00000000c1400000, 0x0000000100000000)
  region size 1024K, 21 young (21504K), 2 survivors (2048K)
 Metaspace       used 42442K, committed 42880K, reserved 1089536K
  class space    used 5100K, committed 5312K, reserved 1048576K

Heap Regions: E=young(eden), S=young(survivor), O=old, HS=humongous(starts), HC=humongous(continues), CS=collection set, F=free, OA=open archive, CA=closed archive, TAMS=top-at-mark-start (previous, next)
|   0|0x00000000c1400000, 0x00000000c1500000, 0x00000000c1500000|100%| O|  |TAMS 0x00000000c1500000, 0x00000000c1400000| Untracked 
|   1|0x00000000c1500000, 0x00000000c1600000, 0x00000000c1600000|100%| O|  |TAMS 0x00000000c1600000, 0x00000000c1500000| Untracked 
|   2|0x00000000c1600000, 0x00000000c1700000, 0x00000000c1700000|100%| O|  |TAMS 0x00000000c1700000, 0x00000000c1600000| Untracked 
|   3|0x00000000c1700000, 0x00000000c1800000, 0x00000000c1800000|100%| O|  |TAMS 0x00000000c1800000, 0x00000000c1700000| Untracked 
|   4|0x00000000c1800000, 0x00000000c1900000, 0x00000000c1900000|100%| O|  |TAMS 0x00000000c1900000, 0x00000000c1800000| Untracked 
|   5|0x00000000c1900000, 0x00000000c1a00000, 0x00000000c1a00000|100%| O|  |TAMS 0x00000000c1a00000, 0x00000000c1900000| Untracked 
|   6|0x00000000c1a00000, 0x00000000c1b00000, 0x00000000c1b00000|100%| O|  |TAMS 0x00000000c1b00000, 0x00000000c1a00000| Untracked 
|   7|0x00000000c1b00000, 0x00000000c1c00000, 0x00000000c1c00000|100%| O|  |TAMS 0x00000000c1c00000, 0x00000000c1b00000| Untracked 
|   8|0x00000000c1c00000, 0x00000000c1d00000, 0x00000000c1d00000|100%| O|  |TAMS 0x00000000c1d00000, 0x00000000c1c00000| Untracked 
|   9|0x00000000c1d00000, 0x00000000c1e00000, 0x00000000c1e00000|100%| O|  |TAMS 0x00000000c1e00000, 0x00000000c1d00000| Untracked 
|  10|0x00000000c1e00000, 0x00000000c1ea3200, 0x00000000c1f00000| 63%| O|  |TAMS 0x00000000c1ea3200, 0x00000000c1e00000| Untracked 
|  11|0x00000000c1f00000, 0x00000000c2000000, 0x00000000c2000000|100%| O|  |TAMS 0x00000000c2000000, 0x00000000c1f00000| Untracked 
|  12|0x00000000c2000000, 0x00000000c2100000, 0x00000000c2100000|100%| O|  |TAMS 0x00000000c2100000, 0x00000000c2000000| Untracked 
|  13|0x00000000c2100000, 0x00000000c2200000, 0x00000000c2200000|100%| O|  |TAMS 0x00000000c2200000, 0x00000000c2100000| Untracked 
|  14|0x00000000c2200000, 0x00000000c2300000, 0x00000000c2300000|100%| O|  |TAMS 0x00000000c2300000, 0x00000000c2200000| Untracked 
|  15|0x00000000c2300000, 0x00000000c2400000, 0x00000000c2400000|100%| O|  |TAMS 0x00000000c2400000, 0x00000000c2300000| Untracked 
|  16|0x00000000c2400000, 0x00000000c2500000, 0x00000000c2500000|100%| O|  |TAMS 0x00000000c2500000, 0x00000000c2400000| Untracked 
|  17|0x00000000c2500000, 0x00000000c2600000, 0x00000000c2600000|100%| O|  |TAMS 0x00000000c2600000, 0x00000000c2500000| Untracked 
|  18|0x00000000c2600000, 0x00000000c2700000, 0x00000000c2700000|100%|HS|  |TAMS 0x00000000c2700000, 0x00000000c2600000| Complete 
|  19|0x00000000c2700000, 0x00000000c2800000, 0x00000000c2800000|100%|HC|  |TAMS 0x00000000c2800000, 0x00000000c2700000| Complete 
|  20|0x00000000c2800000, 0x00000000c2900000, 0x00000000c2900000|100%|HC|  |TAMS 0x00000000c2900000, 0x00000000c2800000| Complete 
|  21|0x00000000c2900000, 0x00000000c2a00000, 0x00000000c2a00000|100%|HC|  |TAMS 0x00000000c2a00000, 0x00000000c2900000| Complete 
|  22|0x00000000c2a00000, 0x00000000c2b00000, 0x00000000c2b00000|100%|HC|  |TAMS 0x00000000c2b00000, 0x00000000c2a00000| Complete 
|  23|0x00000000c2b00000, 0x00000000c2c00000, 0x00000000c2c00000|100%| O|  |TAMS 0x00000000c2c00000, 0x00000000c2b00000| Untracked 
|  24|0x00000000c2c00000, 0x00000000c2d00000, 0x00000000c2d00000|100%| O|  |TAMS 0x00000000c2d00000, 0x00000000c2c00000| Untracked 
|  25|0x00000000c2d00000, 0x00000000c2e00000, 0x00000000c2e00000|100%|HS|  |TAMS 0x00000000c2e00000, 0x00000000c2d00000| Complete 
|  26|0x00000000c2e00000, 0x00000000c2f00000, 0x00000000c2f00000|100%|HC|  |TAMS 0x00000000c2f00000, 0x00000000c2e00000| Complete 
|  27|0x00000000c2f00000, 0x00000000c3000000, 0x00000000c3000000|100%|HC|  |TAMS 0x00000000c3000000, 0x00000000c2f00000| Complete 
|  28|0x00000000c3000000, 0x00000000c3100000, 0x00000000c3100000|100%|HC|  |TAMS 0x00000000c3100000, 0x00000000c3000000| Complete 
|  29|0x00000000c3100000, 0x00000000c3200000, 0x00000000c3200000|100%|HC|  |TAMS 0x00000000c3200000, 0x00000000c3100000| Complete 
|  30|0x00000000c3200000, 0x00000000c32edc00, 0x00000000c3300000| 92%| O|  |TAMS 0x00000000c32edc00, 0x00000000c3200000| Untracked 
|  31|0x00000000c3300000, 0x00000000c3400000, 0x00000000c3400000|100%|HS|  |TAMS 0x00000000c3400000, 0x00000000c3300000| Complete 
|  32|0x00000000c3400000, 0x00000000c3500000, 0x00000000c3500000|100%|HC|  |TAMS 0x00000000c3500000, 0x00000000c3400000| Complete 
|  33|0x00000000c3500000, 0x00000000c3600000, 0x00000000c3600000|100%|HC|  |TAMS 0x00000000c3600000, 0x00000000c3500000| Complete 
|  34|0x00000000c3600000, 0x00000000c3700000, 0x00000000c3700000|100%|HC|  |TAMS 0x00000000c3700000, 0x00000000c3600000| Complete 
|  35|0x00000000c3700000, 0x00000000c3800000, 0x00000000c3800000|100%|HC|  |TAMS 0x00000000c3800000, 0x00000000c3700000| Complete 
|  36|0x00000000c3800000, 0x00000000c3900000, 0x00000000c3900000|100%|HS|  |TAMS 0x00000000c3900000, 0x00000000c3800000| Complete 
|  37|0x00000000c3900000, 0x00000000c3a00000, 0x00000000c3a00000|100%|HC|  |TAMS 0x00000000c3a00000, 0x00000000c3900000| Complete 
|  38|0x00000000c3a00000, 0x00000000c3b00000, 0x00000000c3b00000|100%|HC|  |TAMS 0x00000000c3b00000, 0x00000000c3a00000| Complete 
|  39|0x00000000c3b00000, 0x00000000c3c00000, 0x00000000c3c00000|100%|HC|  |TAMS 0x00000000c3c00000, 0x00000000c3b00000| Complete 
|  40|0x00000000c3c00000, 0x00000000c3d00000, 0x00000000c3d00000|100%|HC|  |TAMS 0x00000000c3d00000, 0x00000000c3c00000| Complete 
|  41|0x00000000c3d00000, 0x00000000c3e00000, 0x00000000c3e00000|100%|HS|  |TAMS 0x00000000c3e00000, 0x00000000c3d00000| Complete 
|  42|0x00000000c3e00000, 0x00000000c3f00000, 0x00000000c3f00000|100%|HC|  |TAMS 0x00000000c3f00000, 0x00000000c3e00000| Complete 
|  43|0x00000000c3f00000, 0x00000000c4000000, 0x00000000c4000000|100%|HC|  |TAMS 0x00000000c4000000, 0x00000000c3f00000| Complete 
|  44|0x00000000c4000000, 0x00000000c4100000, 0x00000000c4100000|100%|HC|  |TAMS 0x00000000c4100000, 0x00000000c4000000| Complete 
|  45|0x00000000c4100000, 0x00000000c4200000, 0x00000000c4200000|100%|HC|  |TAMS 0x00000000c4200000, 0x00000000c4100000| Complete 
|  46|0x00000000c4200000, 0x00000000c4300000, 0x00000000c4300000|100%|HS|  |TAMS 0x00000000c4300000, 0x00000000c4200000| Complete 
|  47|0x00000000c4300000, 0x00000000c4400000, 0x00000000c4400000|100%|HC|  |TAMS 0x00000000c4400000, 0x00000000c4300000| Complete 
|  48|0x00000000c4400000, 0x00000000c4500000, 0x00000000c4500000|100%|HC|  |TAMS 0x00000000c4500000, 0x00000000c4400000| Complete 
|  49|0x00000000c4500000, 0x00000000c4600000, 0x00000000c4600000|100%|HC|  |TAMS 0x00000000c4600000, 0x00000000c4500000| Complete 
|  50|0x00000000c4600000, 0x00000000c4700000, 0x00000000c4700000|100%|HC|  |TAMS 0x00000000c4700000, 0x00000000c4600000| Complete 
|  51|0x00000000c4700000, 0x00000000c4800000, 0x00000000c4800000|100%|HS|  |TAMS 0x00000000c4800000, 0x00000000c4700000| Complete 
|  52|0x00000000c4800000, 0x00000000c4900000, 0x00000000c4900000|100%|HC|  |TAMS 0x00000000c4900000, 0x00000000c4800000| Complete 
|  53|0x00000000c4900000, 0x00000000c4a00000, 0x00000000c4a00000|100%|HC|  |TAMS 0x00000000c4a00000, 0x00000000c4900000| Complete 
|  54|0x00000000c4a00000, 0x00000000c4b00000, 0x00000000c4b00000|100%|HC|  |TAMS 0x00000000c4b00000, 0x00000000c4a00000| Complete 
|  55|0x00000000c4b00000, 0x00000000c4c00000, 0x00000000c4c00000|100%|HC|  |TAMS 0x00000000c4c00000, 0x00000000c4b00000| Complete 
|  56|0x00000000c4c00000, 0x00000000c4d00000, 0x00000000c4d00000|100%|HS|  |TAMS 0x00000000c4c00000, 0x00000000c4c00000| Complete 
|  57|0x00000000c4d00000, 0x00000000c4e00000, 0x00000000c4e00000|100%|HC|  |TAMS 0x00000000c4d00000, 0x00000000c4d00000| Complete 
|  58|0x00000000c4e00000, 0x00000000c4f00000, 0x00000000c4f00000|100%|HC|  |TAMS 0x00000000c4e00000, 0x00000000c4e00000| Complete 
|  59|0x00000000c4f00000, 0x00000000c5000000, 0x00000000c5000000|100%|HC|  |TAMS 0x00000000c4f00000, 0x00000000c4f00000| Complete 
|  60|0x00000000c5000000, 0x00000000c5100000, 0x00000000c5100000|100%|HC|  |TAMS 0x00000000c5000000, 0x00000000c5000000| Complete 
|  61|0x00000000c5100000, 0x00000000c5100000, 0x00000000c5200000|  0%| F|  |TAMS 0x00000000c5100000, 0x00000000c5100000| Untracked 
|  62|0x00000000c5200000, 0x00000000c5200000, 0x00000000c5300000|  0%| F|  |TAMS 0x00000000c5200000, 0x00000000c5200000| Untracked 
|  63|0x00000000c5300000, 0x00000000c5300000, 0x00000000c5400000|  0%| F|  |TAMS 0x00000000c5300000, 0x00000000c5300000| Untracked 
|  64|0x00000000c5400000, 0x00000000c5400000, 0x00000000c5500000|  0%| F|  |TAMS 0x00000000c5400000, 0x00000000c5400000| Untracked 
|  65|0x00000000c5500000, 0x00000000c5500000, 0x00000000c5600000|  0%| F|  |TAMS 0x00000000c5500000, 0x00000000c5500000| Untracked 
|  66|0x00000000c5600000, 0x00000000c5600000, 0x00000000c5700000|  0%| F|  |TAMS 0x00000000c5600000, 0x00000000c5600000| Untracked 
|  67|0x00000000c5700000, 0x00000000c5700000, 0x00000000c5800000|  0%| F|  |TAMS 0x00000000c5700000, 0x00000000c5700000| Untracked 
|  68|0x00000000c5800000, 0x00000000c5800000, 0x00000000c5900000|  0%| F|  |TAMS 0x00000000c5800000, 0x00000000c5800000| Untracked 
|  69|0x00000000c5900000, 0x00000000c5900000, 0x00000000c5a00000|  0%| F|  |TAMS 0x00000000c5900000, 0x00000000c5900000| Untracked 
|  70|0x00000000c5a00000, 0x00000000c5a00000, 0x00000000c5b00000|  0%| F|  |TAMS 0x00000000c5a00000, 0x00000000c5a00000| Untracked 
|  71|0x00000000c5b00000, 0x00000000c5b00000, 0x00000000c5c00000|  0%| F|  |TAMS 0x00000000c5b00000, 0x00000000c5b00000| Untracked 
|  72|0x00000000c5c00000, 0x00000000c5c00000, 0x00000000c5d00000|  0%| F|  |TAMS 0x00000000c5c00000, 0x00000000c5c00000| Untracked 
|  73|0x00000000c5d00000, 0x00000000c5d00000, 0x00000000c5e00000|  0%| F|  |TAMS 0x00000000c5d00000, 0x00000000c5d00000| Untracked 
|  74|0x00000000c5e00000, 0x00000000c5e00000, 0x00000000c5f00000|  0%| F|  |TAMS 0x00000000c5e00000, 0x00000000c5e00000| Untracked 
|  75|0x00000000c5f00000, 0x00000000c5f00000, 0x00000000c6000000|  0%| F|  |TAMS 0x00000000c5f00000, 0x00000000c5f00000| Untracked 
|  76|0x00000000c6000000, 0x00000000c6000000, 0x00000000c6100000|  0%| F|  |TAMS 0x00000000c6000000, 0x00000000c6000000| Untracked 
|  77|0x00000000c6100000, 0x00000000c6100000, 0x00000000c6200000|  0%| F|  |TAMS 0x00000000c6100000, 0x00000000c6100000| Untracked 
|  78|0x00000000c6200000, 0x00000000c6200000, 0x00000000c6300000|  0%| F|  |TAMS 0x00000000c6200000, 0x00000000c6200000| Untracked 
|  79|0x00000000c6300000, 0x00000000c6300000, 0x00000000c6400000|  0%| F|  |TAMS 0x00000000c6300000, 0x00000000c6300000| Untracked 
|  80|0x00000000c6400000, 0x00000000c6400000, 0x00000000c6500000|  0%| F|  |TAMS 0x00000000c6400000, 0x00000000c6400000| Untracked 
|  81|0x00000000c6500000, 0x00000000c6500000, 0x00000000c6600000|  0%| F|  |TAMS 0x00000000c6500000, 0x00000000c6500000| Untracked 
|  82|0x00000000c6600000, 0x00000000c6600000, 0x00000000c6700000|  0%| F|  |TAMS 0x00000000c6600000, 0x00000000c6600000| Untracked 
|  83|0x00000000c6700000, 0x00000000c67993c8, 0x00000000c6800000| 59%| S|CS|TAMS 0x00000000c6700000, 0x00000000c6700000| Complete 
|  84|0x00000000c6800000, 0x00000000c6900000, 0x00000000c6900000|100%| S|CS|TAMS 0x00000000c6800000, 0x00000000c6800000| Complete 
|  85|0x00000000c6900000, 0x00000000c6900000, 0x00000000c6a00000|  0%| F|  |TAMS 0x00000000c6900000, 0x00000000c6900000| Untracked 
|  86|0x00000000c6a00000, 0x00000000c6a00000, 0x00000000c6b00000|  0%| F|  |TAMS 0x00000000c6a00000, 0x00000000c6a00000| Untracked 
|  87|0x00000000c6b00000, 0x00000000c6b00000, 0x00000000c6c00000|  0%| F|  |TAMS 0x00000000c6b00000, 0x00000000c6b00000| Untracked 
|  88|0x00000000c6c00000, 0x00000000c6c6dd78, 0x00000000c6d00000| 42%| E|  |TAMS 0x00000000c6c00000, 0x00000000c6c00000| Complete 
|  89|0x00000000c6d00000, 0x00000000c6e00000, 0x00000000c6e00000|100%| E|CS|TAMS 0x00000000c6d00000, 0x00000000c6d00000| Complete 
|  90|0x00000000c6e00000, 0x00000000c6f00000, 0x00000000c6f00000|100%| E|CS|TAMS 0x00000000c6e00000, 0x00000000c6e00000| Complete 
|  91|0x00000000c6f00000, 0x00000000c7000000, 0x00000000c7000000|100%| E|CS|TAMS 0x00000000c6f00000, 0x00000000c6f00000| Complete 
|  92|0x00000000c7000000, 0x00000000c7100000, 0x00000000c7100000|100%| E|CS|TAMS 0x00000000c7000000, 0x00000000c7000000| Complete 
|  93|0x00000000c7100000, 0x00000000c7200000, 0x00000000c7200000|100%| E|CS|TAMS 0x00000000c7100000, 0x00000000c7100000| Complete 
|  94|0x00000000c7200000, 0x00000000c7300000, 0x00000000c7300000|100%| E|CS|TAMS 0x00000000c7200000, 0x00000000c7200000| Complete 
|  95|0x00000000c7300000, 0x00000000c7400000, 0x00000000c7400000|100%| E|CS|TAMS 0x00000000c7300000, 0x00000000c7300000| Complete 
|  96|0x00000000c7400000, 0x00000000c7500000, 0x00000000c7500000|100%| E|CS|TAMS 0x00000000c7400000, 0x00000000c7400000| Complete 
|  97|0x00000000c7500000, 0x00000000c7600000, 0x00000000c7600000|100%| E|CS|TAMS 0x00000000c7500000, 0x00000000c7500000| Complete 
|  98|0x00000000c7600000, 0x00000000c7700000, 0x00000000c7700000|100%| E|CS|TAMS 0x00000000c7600000, 0x00000000c7600000| Complete 
|  99|0x00000000c7700000, 0x00000000c7800000, 0x00000000c7800000|100%| E|CS|TAMS 0x00000000c7700000, 0x00000000c7700000| Complete 
| 100|0x00000000c7800000, 0x00000000c7900000, 0x00000000c7900000|100%| E|CS|TAMS 0x00000000c7800000, 0x00000000c7800000| Complete 
| 101|0x00000000c7900000, 0x00000000c7a00000, 0x00000000c7a00000|100%| E|CS|TAMS 0x00000000c7900000, 0x00000000c7900000| Complete 
| 102|0x00000000c7a00000, 0x00000000c7b00000, 0x00000000c7b00000|100%| E|CS|TAMS 0x00000000c7a00000, 0x00000000c7a00000| Complete 
| 103|0x00000000c7b00000, 0x00000000c7c00000, 0x00000000c7c00000|100%| E|CS|TAMS 0x00000000c7b00000, 0x00000000c7b00000| Complete 
| 104|0x00000000c7c00000, 0x00000000c7d00000, 0x00000000c7d00000|100%| E|CS|TAMS 0x00000000c7c00000, 0x00000000c7c00000| Complete 
| 105|0x00000000c7d00000, 0x00000000c7e00000, 0x00000000c7e00000|100%| E|CS|TAMS 0x00000000c7d00000, 0x00000000c7d00000| Complete 
| 106|0x00000000c7e00000, 0x00000000c7f00000, 0x00000000c7f00000|100%| E|CS|TAMS 0x00000000c7e00000, 0x00000000c7e00000| Complete 

Card table byte_map: [0x0000018a593f0000,0x0000018a595f0000] _byte_map_base: 0x0000018a58de6000

Marking Bits (Prev, Next): (CMBitMap*) 0x0000018a429bc9f0, (CMBitMap*) 0x0000018a429bc9b0
 Prev Bits: [0x0000018a5a7a0000, 0x0000018a5b750000)
 Next Bits: [0x0000018a597f0000, 0x0000018a5a7a0000)

Polling page: 0x0000018a40980000

Metaspace:

Usage:
  Non-class:     36.47 MB used.
      Class:      4.98 MB used.
       Both:     41.45 MB used.

Virtual space:
  Non-class space:       40.00 MB reserved,      36.69 MB ( 92%) committed,  5 nodes.
      Class space:        1.00 GB reserved,       5.19 MB ( <1%) committed,  1 nodes.
             Both:        1.04 GB reserved,      41.88 MB (  4%) committed. 

Chunk freelists:
   Non-Class:  3.33 MB
       Class:  2.86 MB
        Both:  6.19 MB

MaxMetaspaceSize: unlimited
CompressedClassSpaceSize: 1.00 GB
Initial GC threshold: 21.00 MB
Current GC threshold: 69.19 MB
CDS: on
MetaspaceReclaimPolicy: balanced
 - commit_granule_bytes: 65536.
 - commit_granule_words: 8192.
 - virtual_space_node_default_size: 1048576.
 - enlarge_chunks_in_place: 1.
 - new_chunks_are_fully_committed: 0.
 - uncommit_free_chunks: 1.
 - use_allocation_guard: 0.
 - handle_deallocations: 1.


Internal statistics:

num_allocs_failed_limit: 6.
num_arena_births: 494.
num_arena_deaths: 0.
num_vsnodes_births: 6.
num_vsnodes_deaths: 0.
num_space_committed: 670.
num_space_uncommitted: 0.
num_chunks_returned_to_freelist: 6.
num_chunks_taken_from_freelist: 1737.
num_chunk_merges: 6.
num_chunk_splits: 1202.
num_chunks_enlarged: 900.
num_purges: 0.
num_inconsistent_stats: 0.

CodeHeap 'non-profiled nmethods': size=120000Kb used=2901Kb max_used=2901Kb free=117099Kb
 bounds [0x0000018a51cc0000, 0x0000018a51fa0000, 0x0000018a591f0000]
CodeHeap 'profiled nmethods': size=120000Kb used=13847Kb max_used=13847Kb free=106152Kb
 bounds [0x0000018a4a790000, 0x0000018a4b520000, 0x0000018a51cc0000]
CodeHeap 'non-nmethods': size=5760Kb used=1361Kb max_used=1418Kb free=4398Kb
 bounds [0x0000018a4a1f0000, 0x0000018a4a460000, 0x0000018a4a790000]
 total_blobs=7496 nmethods=6804 adapters=604
 compilation: enabled
              stopped_count=0, restarted_count=0
 full_count=0

Compilation events (20 events):
Event: 130.630 Thread 0x0000018a5dbbb690 6804       1       java.net.URI::getRawFragment (5 bytes)
Event: 130.630 Thread 0x0000018a5dbbb690 nmethod 6804 0x0000018a51f95110 code [0x0000018a51f952a0, 0x0000018a51f95378]
Event: 130.633 Thread 0x0000018a5dbbb690 6806       3       com.sun.org.apache.xerces.internal.utils.XMLSecurityManager::getLimit (10 bytes)
Event: 130.633 Thread 0x0000018a5dbbb690 nmethod 6806 0x0000018a4b510a90 code [0x0000018a4b510c20, 0x0000018a4b510d78]
Event: 130.667 Thread 0x0000018a5dbbb690 6809       3       org.apache.xmlbeans.impl.store.Cur::<init> (51 bytes)
Event: 130.667 Thread 0x0000018a5dbbb690 nmethod 6809 0x0000018a4b510e90 code [0x0000018a4b511020, 0x0000018a4b511218]
Event: 130.672 Thread 0x0000018a5dbbb690 6810       3       java.util.Collections$EmptyList::iterator (4 bytes)
Event: 130.672 Thread 0x0000018a5dbbb690 nmethod 6810 0x0000018a4b511310 code [0x0000018a4b5114a0, 0x0000018a4b511618]
Event: 130.673 Thread 0x0000018a5dbbb690 6811       3       com.sun.org.apache.xerces.internal.impl.XMLVersionDetector::reset (72 bytes)
Event: 130.674 Thread 0x0000018a5dbbb690 nmethod 6811 0x0000018a4b511710 code [0x0000018a4b511920, 0x0000018a4b512208]
Event: 130.674 Thread 0x0000018a5dbbb690 6812   !   3       com.sun.org.apache.xerces.internal.impl.XMLVersionDetector::determineDocVersion (367 bytes)
Event: 130.679 Thread 0x0000018a5dbbb690 nmethod 6812 0x0000018a4b512410 code [0x0000018a4b5127c0, 0x0000018a4b513808]
Event: 130.679 Thread 0x0000018a5dbbb690 6815       3       io.netty.util.internal.PromiseNotificationUtil::trySuccess (48 bytes)
Event: 130.680 Thread 0x0000018a5dbbb690 nmethod 6815 0x0000018a4b514310 code [0x0000018a4b514520, 0x0000018a4b514c18]
Event: 130.681 Thread 0x0000018a5dbbb690 6816       3       io.netty.channel.ChannelOutboundBuffer$Entry::unguardedRecycle (59 bytes)
Event: 130.681 Thread 0x0000018a5dbbb690 nmethod 6816 0x0000018a4b514e90 code [0x0000018a4b515040, 0x0000018a4b515348]
Event: 130.681 Thread 0x0000018a5dbbb690 6813       3       java.io.Writer::<init> (10 bytes)
Event: 130.681 Thread 0x0000018a5dbbb690 nmethod 6813 0x0000018a4b515410 code [0x0000018a4b5155a0, 0x0000018a4b515758]
Event: 130.681 Thread 0x0000018a5dbbb690 6814       3       org.openqa.selenium.json.JsonOutput$$Lambda$593/0x000000080106e070::test (12 bytes)
Event: 130.682 Thread 0x0000018a5dbbb690 nmethod 6814 0x0000018a4b515810 code [0x0000018a4b5159c0, 0x0000018a4b515c08]

GC Heap History (20 events):
Event: 8.992 GC heap before
{Heap before GC invocations=9 (full 0):
 garbage-first heap   total 51200K, used 35685K [0x00000000c1400000, 0x0000000100000000)
  region size 1024K, 25 young (25600K), 4 survivors (4096K)
 Metaspace       used 30697K, committed 31104K, reserved 1081344K
  class space    used 3664K, committed 3840K, reserved 1048576K
}
Event: 9.001 GC heap after
{Heap after GC invocations=10 (full 0):
 garbage-first heap   total 51200K, used 17885K [0x00000000c1400000, 0x0000000100000000)
  region size 1024K, 4 young (4096K), 4 survivors (4096K)
 Metaspace       used 30697K, committed 31104K, reserved 1081344K
  class space    used 3664K, committed 3840K, reserved 1048576K
}
Event: 11.588 GC heap before
{Heap before GC invocations=10 (full 0):
 garbage-first heap   total 51200K, used 36317K [0x00000000c1400000, 0x0000000100000000)
  region size 1024K, 23 young (23552K), 4 survivors (4096K)
 Metaspace       used 35836K, committed 36160K, reserved 1081344K
  class space    used 4344K, committed 4480K, reserved 1048576K
}
Event: 11.599 GC heap after
{Heap after GC invocations=11 (full 0):
 garbage-first heap   total 51200K, used 19758K [0x00000000c1400000, 0x0000000100000000)
  region size 1024K, 2 young (2048K), 2 survivors (2048K)
 Metaspace       used 35836K, committed 36160K, reserved 1081344K
  class space    used 4344K, committed 4480K, reserved 1048576K
}
Event: 17.134 GC heap before
{Heap before GC invocations=12 (full 0):
 garbage-first heap   total 51200K, used 42286K [0x00000000c1400000, 0x0000000100000000)
  region size 1024K, 20 young (20480K), 2 survivors (2048K)
 Metaspace       used 40247K, committed 40640K, reserved 1089536K
  class space    used 4990K, committed 5184K, reserved 1048576K
}
Event: 17.143 GC heap after
{Heap after GC invocations=13 (full 0):
 garbage-first heap   total 51200K, used 25846K [0x00000000c1400000, 0x0000000100000000)
  region size 1024K, 3 young (3072K), 3 survivors (3072K)
 Metaspace       used 40247K, committed 40640K, reserved 1089536K
  class space    used 4990K, committed 5184K, reserved 1048576K
}
Event: 20.931 GC heap before
{Heap before GC invocations=13 (full 0):
 garbage-first heap   total 51200K, used 31990K [0x00000000c1400000, 0x0000000100000000)
  region size 1024K, 10 young (10240K), 3 survivors (3072K)
 Metaspace       used 40801K, committed 41152K, reserved 1089536K
  class space    used 5062K, committed 5248K, reserved 1048576K
}
Event: 20.937 GC heap after
{Heap after GC invocations=14 (full 0):
 garbage-first heap   total 51200K, used 26445K [0x00000000c1400000, 0x0000000100000000)
  region size 1024K, 2 young (2048K), 2 survivors (2048K)
 Metaspace       used 40801K, committed 41152K, reserved 1089536K
  class space    used 5062K, committed 5248K, reserved 1048576K
}
Event: 28.300 GC heap before
{Heap before GC invocations=15 (full 0):
 garbage-first heap   total 56320K, used 37709K [0x00000000c1400000, 0x0000000100000000)
  region size 1024K, 9 young (9216K), 2 survivors (2048K)
 Metaspace       used 40894K, committed 41280K, reserved 1089536K
  class space    used 5063K, committed 5248K, reserved 1048576K
}
Event: 28.304 GC heap after
{Heap after GC invocations=16 (full 0):
 garbage-first heap   total 56320K, used 32047K [0x00000000c1400000, 0x0000000100000000)
  region size 1024K, 2 young (2048K), 2 survivors (2048K)
 Metaspace       used 40894K, committed 41280K, reserved 1089536K
  class space    used 5063K, committed 5248K, reserved 1048576K
}
Event: 34.859 GC heap before
{Heap before GC invocations=17 (full 0):
 garbage-first heap   total 66560K, used 41263K [0x00000000c1400000, 0x0000000100000000)
  region size 1024K, 8 young (8192K), 2 survivors (2048K)
 Metaspace       used 41059K, committed 41408K, reserved 1089536K
  class space    used 5063K, committed 5248K, reserved 1048576K
}
Event: 34.863 GC heap after
{Heap after GC invocations=18 (full 0):
 garbage-first heap   total 66560K, used 37426K [0x00000000c1400000, 0x0000000100000000)
  region size 1024K, 2 young (2048K), 2 survivors (2048K)
 Metaspace       used 41059K, committed 41408K, reserved 1089536K
  class space    used 5063K, committed 5248K, reserved 1048576K
}
Event: 47.892 GC heap before
{Heap before GC invocations=19 (full 0):
 garbage-first heap   total 75776K, used 47666K [0x00000000c1400000, 0x0000000100000000)
  region size 1024K, 8 young (8192K), 2 survivors (2048K)
 Metaspace       used 41191K, committed 41536K, reserved 1089536K
  class space    used 5068K, committed 5248K, reserved 1048576K
}
Event: 47.895 GC heap after
{Heap after GC invocations=20 (full 0):
 garbage-first heap   total 75776K, used 42740K [0x00000000c1400000, 0x0000000100000000)
  region size 1024K, 2 young (2048K), 2 survivors (2048K)
 Metaspace       used 41191K, committed 41536K, reserved 1089536K
  class space    used 5068K, committed 5248K, reserved 1048576K
}
Event: 56.430 GC heap before
{Heap before GC invocations=21 (full 0):
 garbage-first heap   total 83968K, used 57076K [0x00000000c1400000, 0x0000000100000000)
  region size 1024K, 13 young (13312K), 2 survivors (2048K)
 Metaspace       used 41581K, committed 41920K, reserved 1089536K
  class space    used 5082K, committed 5248K, reserved 1048576K
}
Event: 56.433 GC heap after
{Heap after GC invocations=22 (full 0):
 garbage-first heap   total 83968K, used 47945K [0x00000000c1400000, 0x0000000100000000)
  region size 1024K, 2 young (2048K), 2 survivors (2048K)
 Metaspace       used 41581K, committed 41920K, reserved 1089536K
  class space    used 5082K, committed 5248K, reserved 1048576K
}
Event: 92.581 GC heap before
{Heap before GC invocations=23 (full 0):
 garbage-first heap   total 92160K, used 64329K [0x00000000c1400000, 0x0000000100000000)
  region size 1024K, 15 young (15360K), 2 survivors (2048K)
 Metaspace       used 41865K, committed 42176K, reserved 1089536K
  class space    used 5089K, committed 5248K, reserved 1048576K
}
Event: 92.614 GC heap after
{Heap after GC invocations=24 (full 0):
 garbage-first heap   total 92160K, used 53320K [0x00000000c1400000, 0x0000000100000000)
  region size 1024K, 2 young (2048K), 2 survivors (2048K)
 Metaspace       used 41865K, committed 42176K, reserved 1089536K
  class space    used 5089K, committed 5248K, reserved 1048576K
}
Event: 112.273 GC heap before
{Heap before GC invocations=25 (full 0):
 garbage-first heap   total 101376K, used 70728K [0x00000000c1400000, 0x0000000100000000)
  region size 1024K, 16 young (16384K), 2 survivors (2048K)
 Metaspace       used 42125K, committed 42496K, reserved 1089536K
  class space    used 5090K, committed 5248K, reserved 1048576K
}
Event: 112.289 GC heap after
{Heap after GC invocations=26 (full 0):
 garbage-first heap   total 101376K, used 58536K [0x00000000c1400000, 0x0000000100000000)
  region size 1024K, 2 young (2048K), 2 survivors (2048K)
 Metaspace       used 42125K, committed 42496K, reserved 1089536K
  class space    used 5090K, committed 5248K, reserved 1048576K
}

Deoptimization events (20 events):
Event: 105.685 Thread 0x0000018a4297f8e0 DEOPT PACKING pc=0x0000018a4ad1f97b sp=0x000000051fffc940
Event: 105.685 Thread 0x0000018a4297f8e0 DEOPT UNPACKING pc=0x0000018a4a242b43 sp=0x000000051fffbde8 mode 0
Event: 108.210 Thread 0x0000018a4297f8e0 DEOPT PACKING pc=0x0000018a4b1556ab sp=0x000000051fffd230
Event: 108.210 Thread 0x0000018a4297f8e0 DEOPT UNPACKING pc=0x0000018a4a242b43 sp=0x000000051fffc6d0 mode 0
Event: 130.618 Thread 0x0000018a4297f8e0 Uncommon trap: trap_request=0xffffffbe fr.pc=0x0000018a51f83c34 relative=0x0000000000002014
Event: 130.618 Thread 0x0000018a4297f8e0 Uncommon trap: reason=profile_predicate action=maybe_recompile pc=0x0000018a51f83c34 method=org.apache.poi.openxml4j.opc.PackagePartName.compare(Ljava/lang/String;Ljava/lang/String;)I @ 68 c2
Event: 130.618 Thread 0x0000018a4297f8e0 DEOPT PACKING pc=0x0000018a51f83c34 sp=0x000000051fffd430
Event: 130.618 Thread 0x0000018a4297f8e0 DEOPT UNPACKING pc=0x0000018a4a2423a3 sp=0x000000051fffd3c0 mode 2
Event: 130.619 Thread 0x0000018a4297f8e0 Uncommon trap: trap_request=0xffffffbe fr.pc=0x0000018a51f83c34 relative=0x0000000000002014
Event: 130.619 Thread 0x0000018a4297f8e0 Uncommon trap: reason=profile_predicate action=maybe_recompile pc=0x0000018a51f83c34 method=org.apache.poi.openxml4j.opc.PackagePartName.compare(Ljava/lang/String;Ljava/lang/String;)I @ 68 c2
Event: 130.619 Thread 0x0000018a4297f8e0 DEOPT PACKING pc=0x0000018a51f83c34 sp=0x000000051fffd430
Event: 130.620 Thread 0x0000018a4297f8e0 DEOPT UNPACKING pc=0x0000018a4a2423a3 sp=0x000000051fffd3c0 mode 2
Event: 130.620 Thread 0x0000018a4297f8e0 Uncommon trap: trap_request=0xffffffbe fr.pc=0x0000018a51f83c34 relative=0x0000000000002014
Event: 130.620 Thread 0x0000018a4297f8e0 Uncommon trap: reason=profile_predicate action=maybe_recompile pc=0x0000018a51f83c34 method=org.apache.poi.openxml4j.opc.PackagePartName.compare(Ljava/lang/String;Ljava/lang/String;)I @ 68 c2
Event: 130.620 Thread 0x0000018a4297f8e0 DEOPT PACKING pc=0x0000018a51f83c34 sp=0x000000051fffd430
Event: 130.620 Thread 0x0000018a4297f8e0 DEOPT UNPACKING pc=0x0000018a4a2423a3 sp=0x000000051fffd3c0 mode 2
Event: 130.620 Thread 0x0000018a4297f8e0 Uncommon trap: trap_request=0xffffffbe fr.pc=0x0000018a51f83c34 relative=0x0000000000002014
Event: 130.620 Thread 0x0000018a4297f8e0 Uncommon trap: reason=profile_predicate action=maybe_recompile pc=0x0000018a51f83c34 method=org.apache.poi.openxml4j.opc.PackagePartName.compare(Ljava/lang/String;Ljava/lang/String;)I @ 68 c2
Event: 130.620 Thread 0x0000018a4297f8e0 DEOPT PACKING pc=0x0000018a51f83c34 sp=0x000000051fffd430
Event: 130.620 Thread 0x0000018a4297f8e0 DEOPT UNPACKING pc=0x0000018a4a2423a3 sp=0x000000051fffd3c0 mode 2

Classes unloaded (0 events):
No events

Classes redefined (0 events):
No events

Internal exceptions (20 events):
Event: 111.479 Thread 0x0000018a5fb682d0 Exception <a 'java/net/ConnectException'{0x00000000c6992cf0}: Connection refused: no further information> (0x00000000c6992cf0) 
thrown [s\open\src\hotspot\share\prims\jni.cpp, line 535]
Event: 111.480 Thread 0x0000018a5fb682d0 Exception <a 'java/net/SocketException'{0x00000000c6993028}: Socket is not connected: shutdown> (0x00000000c6993028) 
thrown [s\open\src\hotspot\share\prims\jni.cpp, line 535]
Event: 111.575 Thread 0x0000018a5fb682d0 Exception <a 'java/net/ConnectException'{0x00000000c69942b8}: Connection refused: no further information> (0x00000000c69942b8) 
thrown [s\open\src\hotspot\share\prims\jni.cpp, line 535]
Event: 111.575 Thread 0x0000018a5fb682d0 Exception <a 'java/net/SocketException'{0x00000000c69945f0}: Socket is not connected: shutdown> (0x00000000c69945f0) 
thrown [s\open\src\hotspot\share\prims\jni.cpp, line 535]
Event: 111.769 Thread 0x0000018a5fb682d0 Exception <a 'java/net/ConnectException'{0x00000000c6995638}: Connection refused: no further information> (0x00000000c6995638) 
thrown [s\open\src\hotspot\share\prims\jni.cpp, line 535]
Event: 111.769 Thread 0x0000018a5fb682d0 Exception <a 'java/net/SocketException'{0x00000000c6995970}: Socket is not connected: shutdown> (0x00000000c6995970) 
thrown [s\open\src\hotspot\share\prims\jni.cpp, line 535]
Event: 125.187 Thread 0x0000018a4297f8e0 Exception <a 'java/net/SocketException'{0x00000000c704d340}: Socket is not connected: shutdown> (0x00000000c704d340) 
thrown [s\open\src\hotspot\share\prims\jni.cpp, line 535]
Event: 125.189 Thread 0x0000018a4297f8e0 Exception <a 'java/net/SocketException'{0x00000000c704dba8}: Socket is not connected: shutdown> (0x00000000c704dba8) 
thrown [s\open\src\hotspot\share\prims\jni.cpp, line 535]
Event: 125.330 Thread 0x0000018a5fb682d0 Exception <a 'java/net/ConnectException'{0x00000000c7091ef8}: Connection refused: no further information> (0x00000000c7091ef8) 
thrown [s\open\src\hotspot\share\prims\jni.cpp, line 535]
Event: 125.330 Thread 0x0000018a5fb682d0 Exception <a 'java/net/SocketException'{0x00000000c7092230}: Socket is not connected: shutdown> (0x00000000c7092230) 
thrown [s\open\src\hotspot\share\prims\jni.cpp, line 535]
Event: 125.343 Thread 0x0000018a5fb682d0 Exception <a 'java/net/ConnectException'{0x00000000c70931f8}: Connection refused: no further information> (0x00000000c70931f8) 
thrown [s\open\src\hotspot\share\prims\jni.cpp, line 535]
Event: 125.344 Thread 0x0000018a5fb682d0 Exception <a 'java/net/SocketException'{0x00000000c7093530}: Socket is not connected: shutdown> (0x00000000c7093530) 
thrown [s\open\src\hotspot\share\prims\jni.cpp, line 535]
Event: 125.377 Thread 0x0000018a5fb682d0 Exception <a 'java/net/ConnectException'{0x00000000c70944f8}: Connection refused: no further information> (0x00000000c70944f8) 
thrown [s\open\src\hotspot\share\prims\jni.cpp, line 535]
Event: 125.378 Thread 0x0000018a5fb682d0 Exception <a 'java/net/SocketException'{0x00000000c7094830}: Socket is not connected: shutdown> (0x00000000c7094830) 
thrown [s\open\src\hotspot\share\prims\jni.cpp, line 535]
Event: 125.422 Thread 0x0000018a5fb682d0 Exception <a 'java/net/ConnectException'{0x00000000c7095a38}: Connection refused: no further information> (0x00000000c7095a38) 
thrown [s\open\src\hotspot\share\prims\jni.cpp, line 535]
Event: 125.423 Thread 0x0000018a5fb682d0 Exception <a 'java/net/SocketException'{0x00000000c7095d70}: Socket is not connected: shutdown> (0x00000000c7095d70) 
thrown [s\open\src\hotspot\share\prims\jni.cpp, line 535]
Event: 125.512 Thread 0x0000018a5fb682d0 Exception <a 'java/net/ConnectException'{0x00000000c7096d38}: Connection refused: no further information> (0x00000000c7096d38) 
thrown [s\open\src\hotspot\share\prims\jni.cpp, line 535]
Event: 125.512 Thread 0x0000018a5fb682d0 Exception <a 'java/net/SocketException'{0x00000000c7097070}: Socket is not connected: shutdown> (0x00000000c7097070) 
thrown [s\open\src\hotspot\share\prims\jni.cpp, line 535]
Event: 125.682 Thread 0x0000018a5fb682d0 Exception <a 'java/net/ConnectException'{0x00000000c7098038}: Connection refused: no further information> (0x00000000c7098038) 
thrown [s\open\src\hotspot\share\prims\jni.cpp, line 535]
Event: 125.682 Thread 0x0000018a5fb682d0 Exception <a 'java/net/SocketException'{0x00000000c7098370}: Socket is not connected: shutdown> (0x00000000c7098370) 
thrown [s\open\src\hotspot\share\prims\jni.cpp, line 535]

VM Operations (20 events):
Event: 112.491 Executing VM operation: G1Concurrent
Event: 112.491 Executing VM operation: G1Concurrent done
Event: 117.541 Executing VM operation: Cleanup
Event: 117.541 Executing VM operation: Cleanup done
Event: 120.567 Executing VM operation: Cleanup
Event: 120.567 Executing VM operation: Cleanup done
Event: 121.573 Executing VM operation: Cleanup
Event: 121.573 Executing VM operation: Cleanup done
Event: 122.577 Executing VM operation: Cleanup
Event: 122.577 Executing VM operation: Cleanup done
Event: 123.591 Executing VM operation: Cleanup
Event: 123.591 Executing VM operation: Cleanup done
Event: 124.601 Executing VM operation: Cleanup
Event: 124.824 Executing VM operation: Cleanup done
Event: 125.834 Executing VM operation: Cleanup
Event: 125.834 Executing VM operation: Cleanup done
Event: 126.838 Executing VM operation: Cleanup
Event: 126.838 Executing VM operation: Cleanup done
Event: 129.864 Executing VM operation: Cleanup
Event: 129.864 Executing VM operation: Cleanup done

Events (20 events):
Event: 91.925 Thread 0x0000018a603c83c0 Thread added: 0x0000018a603c83c0
Event: 92.032 Thread 0x0000018a603c4ed0 Thread added: 0x0000018a603c4ed0
Event: 92.032 Thread 0x0000018a603c8890 Thread added: 0x0000018a603c8890
Event: 92.062 Thread 0x0000018a603c4060 Thread added: 0x0000018a603c4060
Event: 92.063 Thread 0x0000018a603c53a0 Thread added: 0x0000018a603c53a0
Event: 92.529 Thread 0x0000018a603cb8b0 Thread added: 0x0000018a603cb8b0
Event: 97.588 Thread 0x0000018a603cb8b0 Thread exited: 0x0000018a603cb8b0
Event: 111.309 Thread 0x0000018a603c7a20 Thread added: 0x0000018a603c7a20
Event: 111.343 Thread 0x0000018a603ca570 Thread added: 0x0000018a603ca570
Event: 111.343 Thread 0x0000018a603c5d40 Thread added: 0x0000018a603c5d40
Event: 111.362 Thread 0x0000018a603c8d60 Thread added: 0x0000018a603c8d60
Event: 111.362 Thread 0x0000018a603caa40 Thread added: 0x0000018a603caa40
Event: 112.166 Thread 0x0000018a603c6210 Thread added: 0x0000018a603c6210
Event: 117.197 Thread 0x0000018a603c6210 Thread exited: 0x0000018a603c6210
Event: 125.221 Thread 0x0000018a603caf10 Thread added: 0x0000018a603caf10
Event: 125.281 Thread 0x0000018a603c6210 Thread added: 0x0000018a603c6210
Event: 125.281 Thread 0x0000018a603cb8b0 Thread added: 0x0000018a603cb8b0
Event: 125.312 Thread 0x0000018a603c66e0 Thread added: 0x0000018a603c66e0
Event: 125.313 Thread 0x0000018a603c4530 Thread added: 0x0000018a603c4530
Event: 126.011 Thread 0x0000018a603c7ef0 Thread added: 0x0000018a603c7ef0


Dynamic libraries:
0x00007ff7d8560000 - 0x00007ff7d8570000 	C:\Program Files\Java\jdk-17.0.5\bin\javaw.exe
0x00007ffa84950000 - 0x00007ffa84b48000 	C:\Windows\SYSTEM32\ntdll.dll
0x00007ffa83b80000 - 0x00007ffa83c3f000 	C:\Windows\System32\KERNEL32.DLL
0x00007ffa82170000 - 0x00007ffa8244a000 	C:\Windows\System32\KERNELBASE.dll
0x00007ffa82720000 - 0x00007ffa82820000 	C:\Windows\System32\ucrtbase.dll
0x00007ffa79f60000 - 0x00007ffa79f78000 	C:\Program Files\Java\jdk-17.0.5\bin\jli.dll
0x00007ffa7a780000 - 0x00007ffa7a79a000 	C:\Program Files\Java\jdk-17.0.5\bin\VCRUNTIME140.dll
0x00007ffa829d0000 - 0x00007ffa82a7e000 	C:\Windows\System32\ADVAPI32.dll
0x00007ffa84870000 - 0x00007ffa8490e000 	C:\Windows\System32\msvcrt.dll
0x00007ffa83c40000 - 0x00007ffa83cdc000 	C:\Windows\System32\sechost.dll
0x00007ffa833b0000 - 0x00007ffa834d6000 	C:\Windows\System32\RPCRT4.dll
0x00007ffa83510000 - 0x00007ffa836ad000 	C:\Windows\System32\USER32.dll
0x00007ffa6f620000 - 0x00007ffa6f8ba000 	C:\Windows\WinSxS\amd64_microsoft.windows.common-controls_6595b64144ccf1df_6.0.19041.1110_none_60b5254171f9507e\COMCTL32.dll
0x00007ffa82930000 - 0x00007ffa82952000 	C:\Windows\System32\win32u.dll
0x00007ffa834e0000 - 0x00007ffa8350b000 	C:\Windows\System32\GDI32.dll
0x00007ffa82820000 - 0x00007ffa82930000 	C:\Windows\System32\gdi32full.dll
0x00007ffa82060000 - 0x00007ffa820fd000 	C:\Windows\System32\msvcp_win.dll
0x00007ffa7a510000 - 0x00007ffa7a51a000 	C:\Windows\SYSTEM32\VERSION.dll
0x00007ffa83380000 - 0x00007ffa833b0000 	C:\Windows\System32\IMM32.DLL
0x00007ffa7f810000 - 0x00007ffa7f81c000 	C:\Program Files\Java\jdk-17.0.5\bin\vcruntime140_1.dll
0x00007ffa70d90000 - 0x00007ffa70e1d000 	C:\Program Files\Java\jdk-17.0.5\bin\msvcp140.dll
0x00007ffa42490000 - 0x00007ffa43052000 	C:\Program Files\Java\jdk-17.0.5\bin\server\jvm.dll
0x00007ffa6d910000 - 0x00007ffa6d937000 	C:\Windows\SYSTEM32\WINMM.dll
0x00007ffa696f0000 - 0x00007ffa696f9000 	C:\Windows\SYSTEM32\WSOCK32.dll
0x00007ffa82b10000 - 0x00007ffa82b18000 	C:\Windows\System32\PSAPI.DLL
0x00007ffa836b0000 - 0x00007ffa8371b000 	C:\Windows\System32\WS2_32.dll
0x00007ffa7fe40000 - 0x00007ffa7fe52000 	C:\Windows\SYSTEM32\kernel.appcore.dll
0x00007ffa7dd00000 - 0x00007ffa7dd0a000 	C:\Program Files\Java\jdk-17.0.5\bin\jimage.dll
0x00007ffa6d590000 - 0x00007ffa6d774000 	C:\Windows\SYSTEM32\DBGHELP.DLL
0x00007ffa6d4e0000 - 0x00007ffa6d514000 	C:\Windows\SYSTEM32\dbgcore.DLL
0x00007ffa82690000 - 0x00007ffa82712000 	C:\Windows\System32\bcryptPrimitives.dll
0x00007ffa734e0000 - 0x00007ffa73505000 	C:\Program Files\Java\jdk-17.0.5\bin\java.dll
0x00007ffa6fea0000 - 0x00007ffa6ff76000 	C:\Program Files\Java\jdk-17.0.5\bin\jsvml.dll
0x00007ffa82b80000 - 0x00007ffa832c4000 	C:\Windows\System32\SHELL32.dll
0x00007ffa80120000 - 0x00007ffa808b3000 	C:\Windows\SYSTEM32\windows.storage.dll
0x00007ffa84350000 - 0x00007ffa846a4000 	C:\Windows\System32\combase.dll
0x00007ffa819e0000 - 0x00007ffa81a0e000 	C:\Windows\SYSTEM32\Wldp.dll
0x00007ffa832d0000 - 0x00007ffa8337d000 	C:\Windows\System32\SHCORE.dll
0x00007ffa82b20000 - 0x00007ffa82b75000 	C:\Windows\System32\shlwapi.dll
0x00007ffa81fa0000 - 0x00007ffa81fbf000 	C:\Windows\SYSTEM32\profapi.dll
0x00007ffa73410000 - 0x00007ffa73429000 	C:\Program Files\Java\jdk-17.0.5\bin\net.dll
0x00007ffa73700000 - 0x00007ffa7380a000 	C:\Windows\SYSTEM32\WINHTTP.dll
0x00007ffa81740000 - 0x00007ffa817aa000 	C:\Windows\system32\mswsock.dll
0x00007ffa71e90000 - 0x00007ffa71ea6000 	C:\Program Files\Java\jdk-17.0.5\bin\nio.dll
0x00007ffa71e10000 - 0x00007ffa71e28000 	C:\Program Files\Java\jdk-17.0.5\bin\zip.dll
0x00007ffa81470000 - 0x00007ffa8153b000 	C:\Windows\SYSTEM32\DNSAPI.dll
0x00007ffa81430000 - 0x00007ffa8146c000 	C:\Windows\SYSTEM32\IPHLPAPI.DLL
0x00007ffa84230000 - 0x00007ffa84238000 	C:\Windows\System32\NSI.dll
0x00007ffa6f960000 - 0x00007ffa6f96a000 	C:\Windows\System32\rasadhlp.dll
0x00007ffa6fb30000 - 0x00007ffa6fbb0000 	C:\Windows\System32\fwpuclnt.dll
0x00007ffa82450000 - 0x00007ffa82477000 	C:\Windows\System32\bcrypt.dll
0x00007ffa81930000 - 0x00007ffa81948000 	C:\Windows\SYSTEM32\CRYPTSP.dll
0x00007ffa81060000 - 0x00007ffa81094000 	C:\Windows\system32\rsaenh.dll
0x00007ffa81f60000 - 0x00007ffa81f8e000 	C:\Windows\SYSTEM32\USERENV.dll
0x00007ffa81950000 - 0x00007ffa8195c000 	C:\Windows\SYSTEM32\CRYPTBASE.dll
0x00007ffa73c00000 - 0x00007ffa73c17000 	C:\Windows\SYSTEM32\dhcpcsvc6.DLL
0x00007ffa74090000 - 0x00007ffa740ad000 	C:\Windows\SYSTEM32\dhcpcsvc.DLL
0x00007ffa7b8a0000 - 0x00007ffa7b8b0000 	C:\Program Files\Java\jdk-17.0.5\bin\verify.dll
0x00007ffa6f130000 - 0x00007ffa6f139000 	C:\Program Files\Java\jdk-17.0.5\bin\management.dll
0x00007ffa6da80000 - 0x00007ffa6da8b000 	C:\Program Files\Java\jdk-17.0.5\bin\management_ext.dll
0x00007ffa60ed0000 - 0x00007ffa60ee7000 	C:\Windows\system32\napinsp.dll
0x00007ffa60eb0000 - 0x00007ffa60ecb000 	C:\Windows\system32\pnrpnsp.dll
0x00007ffa7c270000 - 0x00007ffa7c285000 	C:\Windows\system32\wshbth.dll
0x00007ffa7d9b0000 - 0x00007ffa7d9cd000 	C:\Windows\system32\NLAapi.dll
0x00007ffa60e90000 - 0x00007ffa60ea2000 	C:\Windows\System32\winrnr.dll
0x00007ffa7b520000 - 0x00007ffa7b52e000 	C:\Program Files\Java\jdk-17.0.5\bin\sunmscapi.dll
0x00007ffa82480000 - 0x00007ffa825d6000 	C:\Windows\System32\CRYPT32.dll
0x00007ffa81a50000 - 0x00007ffa81a78000 	C:\Windows\SYSTEM32\ncrypt.dll
0x00007ffa81a10000 - 0x00007ffa81a4b000 	C:\Windows\SYSTEM32\NTASN1.dll
0x00007ffa6fc70000 - 0x00007ffa6fc77000 	C:\Windows\system32\wshunix.dll

dbghelp: loaded successfully - version: 4.0.5 - missing functions: none
symbol engine: initialized successfully - sym options: 0x614 - pdb path: .;C:\Program Files\Java\jdk-17.0.5\bin;C:\Windows\SYSTEM32;C:\Windows\WinSxS\amd64_microsoft.windows.common-controls_6595b64144ccf1df_6.0.19041.1110_none_60b5254171f9507e;C:\Program Files\Java\jdk-17.0.5\bin\server

VM Arguments:
jvm_args: -ea -Dfile.encoding=UTF-8 -XX:+ShowCodeDetailsInExceptionMessages 
java_command: org.testng.remote.RemoteTestNG -serport 52434 -protocol json -d D:\GIT\test-output D:\GIT\testng.xml
java_class_path (initial): C:\Users\swapn\eclipse\java-2022-09\eclipse\configuration\org.eclipse.osgi\438\0\.cp\lib\testng-remote.jar;D:\GIT\target\test-classes;D:\GIT\target\classes;C:\Users\swapn\.m2\repository\io\github\bonigarcia\webdrivermanager\5.3.2\webdrivermanager-5.3.2.jar;C:\Users\swapn\.m2\repository\org\slf4j\slf4j-api\2.0.6\slf4j-api-2.0.6.jar;C:\Users\swapn\.m2\repository\com\google\code\gson\gson\2.10.1\gson-2.10.1.jar;C:\Users\swapn\.m2\repository\com\github\docker-java\docker-java\3.2.14\docker-java-3.2.14.jar;C:\Users\swapn\.m2\repository\com\github\docker-java\docker-java-core\3.2.14\docker-java-core-3.2.14.jar;C:\Users\swapn\.m2\repository\com\github\docker-java\docker-java-api\3.2.14\docker-java-api-3.2.14.jar;C:\Users\swapn\.m2\repository\com\fasterxml\jackson\core\jackson-annotations\2.10.3\jackson-annotations-2.10.3.jar;C:\Users\swapn\.m2\repository\com\fasterxml\jackson\core\jackson-databind\2.10.3\jackson-databind-2.10.3.jar;C:\Users\swapn\.m2\repository\com\fasterxml\jackson\core\jackson-core\2.10.3\jackson-core-2.10.3.jar;C:\Users\swapn\.m2\repository\org\bouncycastle\bcpkix-jdk15on\1.64\bcpkix-jdk15on-1.64.jar;C:\Users\swapn\.m2\repository\org\bouncycastle\bcprov-jdk15on\1.64\bcprov-jdk15on-1.64.jar;C:\Users\swapn\.m2\repository\org\slf4j\jcl-over-slf4j\1.7.30\jcl-over-slf4j-1.7.30.jar;C:\Users\swapn\.m2\repository\com\github\docker-java\docker-java-transport-httpclient5\3.2.14\docker-java-transport-httpclient5-3.2.14.jar;C:\Users\swapn\.m2\repository\com\github\docker-java\docker-java-transport\3.2.14\docker-java-transport-3.2.14.jar;C:\Users\swapn\.m2\repository\net\java\dev\jna\jna\5.12.1\jna-5.12.1.jar;C:\Users\swapn\.m2\repository\org\brotli\dec\0.1.2\dec-0.1.2.jar;C:\Users\swapn\.m2\repository\org\apache\commons\commons-lang3\3.12.0\commons-lang3-3.12.0.jar;C:\Users\swapn\.m2\repository\org\apache\httpcomponents\client5\httpclient5\5.2.1\httpclient5-5.2.1.jar;C:\Users\swapn\.m2\repository\org\apache\httpcomponents\core5\httpcore
Launcher Type: SUN_STANDARD

[Global flags]
     intx CICompilerCount                          = 3                                         {product} {ergonomic}
     uint ConcGCThreads                            = 1                                         {product} {ergonomic}
     uint G1ConcRefinementThreads                  = 4                                         {product} {ergonomic}
   size_t G1HeapRegionSize                         = 1048576                                   {product} {ergonomic}
    uintx GCDrainStackTargetSize                   = 64                                        {product} {ergonomic}
   size_t InitialHeapSize                          = 67108864                                  {product} {ergonomic}
   size_t MarkStackSize                            = 4194304                                   {product} {ergonomic}
   size_t MaxHeapSize                              = 1052770304                                {product} {ergonomic}
   size_t MaxNewSize                               = 631242752                                 {product} {ergonomic}
   size_t MinHeapDeltaBytes                        = 1048576                                   {product} {ergonomic}
   size_t MinHeapSize                              = 8388608                                   {product} {ergonomic}
    uintx NonNMethodCodeHeapSize                   = 5832780                                {pd product} {ergonomic}
    uintx NonProfiledCodeHeapSize                  = 122912730                              {pd product} {ergonomic}
    uintx ProfiledCodeHeapSize                     = 122912730                              {pd product} {ergonomic}
    uintx ReservedCodeCacheSize                    = 251658240                              {pd product} {ergonomic}
     bool SegmentedCodeCache                       = true                                      {product} {ergonomic}
     bool ShowCodeDetailsInExceptionMessages       = true                                   {manageable} {command line}
   size_t SoftMaxHeapSize                          = 1052770304                             {manageable} {ergonomic}
     bool UseCompressedClassPointers               = true                           {product lp64_product} {ergonomic}
     bool UseCompressedOops                        = true                           {product lp64_product} {ergonomic}
     bool UseG1GC                                  = true                                      {product} {ergonomic}
     bool UseLargePagesIndividualAllocation        = false                                  {pd product} {ergonomic}

Logging:
Log output configuration:
 #0: stdout all=warning uptime,level,tags
 #1: stderr all=off uptime,level,tags

Environment Variables:
PATH=C:\Python311\Scripts\;C:\Python311\;C:\Program Files\Common Files\Oracle\Java\javapath;C:\Windows\system32;C:\Windows;C:\Windows\System32\Wbem;C:\Windows\System32\WindowsPowerShell\v1.0\;C:\Windows\System32\OpenSSH\;C:\Program Files\nodejs\;C:\ProgramData\chocolatey\bin;C:\Program Files\Git\cmd;C:\Program Files\MySQL\MySQL Shell 8.0\bin\;C:\Users\swapn\AppData\Local\Microsoft\WindowsApps;C:\Users\swapn\AppData\Roaming\npm;C:\Users\swapn\AppData\Local\Programs\Microsoft VS Code\bin;C:\Program Files\JetBrains\IntelliJ IDEA Community Edition 2023.1\bin;
USERNAME=swapn
OS=Windows_NT
PROCESSOR_IDENTIFIER=Intel64 Family 6 Model 78 Stepping 3, GenuineIntel



---------------  S Y S T E M  ---------------

OS:
 Windows 10 , 64 bit Build 19041 (10.0.19041.2788)
OS uptime: 7 days 4:18 hours

CPU: total 4 (initial active 4) (2 cores per cpu, 2 threads per core) family 6 model 78 stepping 3 microcode 0xcc, cx8, cmov, fxsr, ht, mmx, 3dnowpref, sse, sse2, sse3, ssse3, sse4.1, sse4.2, popcnt, lzcnt, tsc, tscinvbit, avx, avx2, aes, erms, clmul, bmi1, bmi2, adx, fma, vzeroupper, clflush, clflushopt

Memory: 4k page, system-wide physical 4012M (120M free)
TotalPageFile size 16300M (AvailPageFile size 23M)
current process WorkingSet (physical memory assigned to process): 126M, peak: 199M
current process commit charge ("private bytes"): 296M, peak: 303M

vm_info: Java HotSpot(TM) 64-Bit Server VM (17.0.5+9-LTS-191) for windows-amd64 JRE (17.0.5+9-LTS-191), built on Sep 13 2022 17:31:43 by "mach5one" with MS VC++ 16.8 / 16.9 (VS2019)

END.
